#
# A fatal error has been detected by the Java Runtime Environment:
#
#  SIGSEGV (0xb) at pc=0x00007fdb1fcb10ae, pid=10772, tid=10796
#
# JRE version: OpenJDK Runtime Environment (11.0.4+11) (build 11.0.4+11-post-Ubuntu-1ubuntu218.04.3)
# Java VM: OpenJDK 64-Bit Server VM (11.0.4+11-post-Ubuntu-1ubuntu218.04.3, mixed mode, sharing, tiered, compressed oops, g1 gc, linux-amd64)
# Problematic frame:
# V  [libjvm.so+0x6ef0ae]
#
# Core dump will be written. Default location: Core dumps may be processed with "/usr/share/apport/apport %p %s %c %d %P" (or dumping to /home/cosc/student/mjf145/Desktop/SENG202/project/Project_2019_S2/core.10772)
#
# If you would like to submit a bug report, please visit:
#   https://bugs.launchpad.net/ubuntu/+source/openjdk-lts
#

---------------  S U M M A R Y ------------

Command Line: -javaagent:/usr/local/intellij-2018.2/lib/idea_rt.jar=44115:/usr/local/intellij-2018.2/bin -Dfile.encoding=UTF-8 --module-path=/home/cosc/student/mjf145/Desktop/SENG202/project/Project_2019_S2/target/classes:/home/cosc/student/mjf145/.m2/repository/org/openjfx/javafx-controls/11.0.2/javafx-controls-11.0.2.jar:/home/cosc/student/mjf145/.m2/repository/org/openjfx/javafx-controls/11.0.2/javafx-controls-11.0.2-linux.jar:/home/cosc/student/mjf145/.m2/repository/org/openjfx/javafx-graphics/11.0.2/javafx-graphics-11.0.2.jar:/home/cosc/student/mjf145/.m2/repository/org/openjfx/javafx-graphics/11.0.2/javafx-graphics-11.0.2-linux.jar:/home/cosc/student/mjf145/.m2/repository/org/openjfx/javafx-base/11.0.2/javafx-base-11.0.2.jar:/home/cosc/student/mjf145/.m2/repository/org/openjfx/javafx-base/11.0.2/javafx-base-11.0.2-linux.jar:/home/cosc/student/mjf145/.m2/repository/org/openjfx/javafx-fxml/11.0.2/javafx-fxml-11.0.2.jar:/home/cosc/student/mjf145/.m2/repository/org/openjfx/javafx-fxml/11.0.2/javafx-fxml-11.0.2-linux.jar:/home/cosc/student/mjf145/.m2/repository/mysql/mysql-connector-java/8.0.17/mysql-connector-java-8.0.17.jar:/home/cosc/student/mjf145/.m2/repository/com/google/protobuf/protobuf-java/3.6.1/protobuf-java-3.6.1.jar:/home/cosc/student/mjf145/.m2/repository/org/xerial/sqlite-jdbc/3.28.0/sqlite-jdbc-3.28.0.jar:/home/cosc/student/mjf145/.m2/repository/org/joda/joda-money/1.0.1/joda-money-1.0.1.jar:/home/cosc/student/mjf145/.m2/repository/commons-io/commons-io/1.4/commons-io-1.4.jar:/home/cosc/student/mjf145/.m2/repository/org/apache/commons/commons-lang3/3.9/commons-lang3-3.9.jar:/home/cosc/student/mjf145/.m2/repository/com/google/guava/guava/26.0-jre/guava-26.0-jre.jar:/home/cosc/student/mjf145/.m2/repository/com/google/code/findbugs/jsr305/3.0.2/jsr305-3.0.2.jar:/home/cosc/student/mjf145/.m2/repository/org/checkerframework/checker-qual/2.5.2/checker-qual-2.5.2.jar:/home/cosc/student/mjf145/.m2/repository/com/google/errorprone/error_prone_annotations/2.1.3/error_prone_annotations-2.1.3.jar:/home/cosc/student/mjf145/.m2/repository/com/google/j2objc/j2objc-annotations/1.1/j2objc--Djdk.module.main=kaitech kaitech/kaitech.controller.MainApplication

Host: Intel(R) Core(TM) i7-7700 CPU @ 3.60GHz, 8 cores, 15G, Linux Mint 19.1 Tessa
Time: Fri Oct 11 11:30:01 2019 NZDT elapsed time: 0 seconds (0d 0h 0m 0s)

---------------  T H R E A D  ---------------

Current thread (0x00007fdb18243800):  JavaThread "C2 CompilerThread0" daemon [_thread_in_native, id=10796, stack(0x00007fdae381c000,0x00007fdae391d000)]


Current CompileTask:
C2:    326  878       4       java.util.HashMap::getNode (148 bytes)

Stack: [0x00007fdae381c000,0x00007fdae391d000],  sp=0x00007fdae3919920,  free space=1014k
Native frames: (J=compiled Java code, A=aot compiled Java code, j=interpreted, Vv=VM code, C=native code)
V  [libjvm.so+0x6ef0ae]
V  [libjvm.so+0xc044e3]
V  [libjvm.so+0xbf3d98]
V  [libjvm.so+0xbf3f73]
V  [libjvm.so+0xbf75dd]
V  [libjvm.so+0x50b6c8]
V  [libjvm.so+0x50d9b4]
V  [libjvm.so+0x6ef0b4]
V  [libjvm.so+0xc044e3]
V  [libjvm.so+0xbf3d98]
V  [libjvm.so+0xbf3f73]
V  [libjvm.so+0xbf75dd]
V  [libjvm.so+0x50b6c8]
V  [libjvm.so+0x5f3bc8]
V  [libjvm.so+0x50ae7c]
V  [libjvm.so+0x5fdd13]
V  [libjvm.so+0x5ff498]
V  [libjvm.so+0xd7f0b3]
V  [libjvm.so+0xd7f385]
V  [libjvm.so+0xd7aeea]
V  [libjvm.so+0xbc4a5e]


siginfo: si_signo: 11 (SIGSEGV), si_code: 2 (SEGV_ACCERR), si_addr: 0x00007fdb0089b5a8

Register to memory mapping:

RAX=0x00007fdb0089b520 is an unknown value
RBX=0x00007fdacc197c90 points into unknown readable memory: 20 b5 89 00 db 7f 00 00
RCX=0x000000000000002d is an unknown value
RDX=0x0000000000000198 is an unknown value
RSP=0x00007fdae3919920 is pointing into the stack for thread: 0x00007fdb18243800
RBP=0x00007fdae3919a00 is pointing into the stack for thread: 0x00007fdb18243800
RSI=0x00007fdacc1bc2f0 points into unknown readable memory: 70 ae 1b cc da 7f 00 00
RDI=0x00007fdacc197c90 points into unknown readable memory: 20 b5 89 00 db 7f 00 00
R8 =0x00007fdae39198d4 is pointing into the stack for thread: 0x00007fdb18243800
R9 =0x00007fdb18244fc0 points into unknown readable memory: 03 00 00 00 00 00 00 00
R10=0x0000000000000006 is an unknown value
R11=0x00007fdb211c8440: <offset 0x00000000001af440> in /lib/x86_64-linux-gnu/libc.so.6 at 0x00007fdb21019000
R12=0x0 is NULL
R13=0x00007fdacc1bc2f0 points into unknown readable memory: 70 ae 1b cc da 7f 00 00
R14=0x00007fdae3919b80 is pointing into the stack for thread: 0x00007fdb18243800
R15=0x00007fdac001cf00 points into unknown readable memory: 60 4a 89 20 db 7f 00 00


Registers:
RAX=0x00007fdb0089b520, RBX=0x00007fdacc197c90, RCX=0x000000000000002d, RDX=0x0000000000000198
RSP=0x00007fdae3919920, RBP=0x00007fdae3919a00, RSI=0x00007fdacc1bc2f0, RDI=0x00007fdacc197c90
R8 =0x00007fdae39198d4, R9 =0x00007fdb18244fc0, R10=0x0000000000000006, R11=0x00007fdb211c8440
R12=0x0000000000000000, R13=0x00007fdacc1bc2f0, R14=0x00007fdae3919b80, R15=0x00007fdac001cf00
RIP=0x00007fdb1fcb10ae, EFLAGS=0x0000000000010246, CSGSFS=0x002b000000000033, ERR=0x0000000000000004
  TRAPNO=0x000000000000000e

Top of Stack: (sp=0x00007fdae3919920)
0x00007fdae3919920:   00007fdae3919990 00007fdb201c7974
0x00007fdae3919930:   0000000000000000 00007fdac0031a28
0x00007fdae3919940:   0000000000080040 00007fda0000000c
0x00007fdae3919950:   00007fdac00fad18 00007fdac00fae28 

Instructions: (pc=0x00007fdb1fcb10ae)
0x00007fdb1fcb0fae:   68 ff ff ff 88 85 78 ff ff ff 49 8b 03 4c 89 df
0x00007fdb1fcb0fbe:   ff 50 60 48 89 85 68 ff ff ff eb 1b 88 85 78 ff
0x00007fdb1fcb0fce:   ff ff 49 89 df c7 45 88 fc ff ff ff 48 c7 85 68
0x00007fdb1fcb0fde:   ff ff ff 00 00 00 00 41 8b 86 4c 01 00 00 3d b7
0x00007fdb1fcb0fee:   00 00 00 0f 84 81 06 00 00 41 8b 56 50 2b 95 70
0x00007fdb1fcb0ffe:   ff ff ff 3d b9 00 00 00 0f 84 64 04 00 00 41 89
0x00007fdb1fcb100e:   56 50 4c 89 f7 41 81 ec b6 00 00 00 e8 61 55 0d
0x00007fdb1fcb101e:   00 49 89 c5 0f b6 85 78 ff ff ff 48 83 ec 08 8b
0x00007fdb1fcb102e:   55 88 49 8b 7e 10 41 b9 01 00 00 00 6a 00 6a 01
0x00007fdb1fcb103e:   4d 89 e8 ff b5 68 ff ff ff f3 41 0f 10 46 64 89
0x00007fdb1fcb104e:   c1 4c 89 fe 89 85 70 ff ff ff e8 f3 f0 ff ff 48
0x00007fdb1fcb105e:   8b 70 08 48 89 c3 48 83 c4 20 4c 89 f7 e8 30 84
0x00007fdb1fcb106e:   0d 00 41 8b 96 48 01 00 00 48 8b 73 08 4c 89 f7
0x00007fdb1fcb107e:   e8 6d 8a 0d 00 41 83 fc 01 0f 86 03 02 00 00 45
0x00007fdb1fcb108e:   31 e4 80 7d 80 00 0f 85 f6 01 00 00 4c 89 e6 4c
0x00007fdb1fcb109e:   89 f7 e8 6b 9a 51 00 48 8b 03 4c 89 ee 48 89 df
0x00007fdb1fcb10ae:   ff 90 88 00 00 00 48 85 c0 49 89 c7 0f 84 30 02
0x00007fdb1fcb10be:   00 00 48 8b 03 48 89 df ff 10 84 c0 0f 85 40 05
0x00007fdb1fcb10ce:   00 00 4c 89 fe 4c 89 f7 e8 45 d0 0d 00 49 8b 47
0x00007fdb1fcb10de:   38 49 8b 76 10 48 8b 48 08 48 8b 09 48 39 8e 40
0x00007fdb1fcb10ee:   02 00 00 0f 84 99 05 00 00 49 89 46 28 41 8b 47
0x00007fdb1fcb10fe:   20 41 89 46 50 41 8b 47 24 41 89 46 38 49 8b 47
0x00007fdb1fcb110e:   30 49 89 46 40 4c 89 f7 e8 25 55 0d 00 84 c0 0f
0x00007fdb1fcb111e:   85 7a fd ff ff 4d 85 e4 74 30 48 8b 03 48 8d 15
0x00007fdb1fcb112e:   be 0f e2 ff 48 8b 40 18 48 39 d0 74 1d 48 89 df
0x00007fdb1fcb113e:   ff d0 84 c0 74 14 ba 01 00 00 00 4c 89 e6 4c 89
0x00007fdb1fcb114e:   f7 e8 5c 70 0d 00 0f 1f 40 00 48 8b 73 08 4c 89
0x00007fdb1fcb115e:   f7 e8 8c 8c 0d 00 48 8b 43 08 48 8b 78 30 e8 8f
0x00007fdb1fcb116e:   67 e7 ff 48 8b 7d a0 48 89 c3 e8 83 67 e7 ff 49
0x00007fdb1fcb117e:   89 c7 41 8b 86 4c 01 00 00 3d ba 00 00 00 0f 94
0x00007fdb1fcb118e:   c2 3d e9 00 00 00 0f 94 c0 08 c2 75 17 8b 85 64
0x00007fdb1fcb119e:   ff ff ff 49 89 dd 2d 1f 01 00 00 83 f8 05 0f 87 


Stack slot to memory mapping:
stack at sp + 0 slots: 0x00007fdae3919990 is pointing into the stack for thread: 0x00007fdb18243800
stack at sp + 1 slots: 0x00007fdb201c7974: <offset 0x0000000000c05974> in /usr/lib/jvm/java-11-openjdk-amd64/lib/server/libjvm.so at 0x00007fdb1f5c2000
stack at sp + 2 slots: 0x0 is NULL
stack at sp + 3 slots: 0x00007fdac0031a28 points into unknown readable memory: c0 aa 92 20 db 7f 00 00
stack at sp + 4 slots: 0x0000000000080040 is an unknown value
stack at sp + 5 slots: 0x00007fda0000000c is an unknown value
stack at sp + 6 slots: 0x00007fdac00fad18 points into unknown readable memory: a8 c7 92 20 db 7f 00 00
stack at sp + 7 slots: 0x00007fdac00fae28 points into unknown readable memory: 20 17 93 20 db 7f 00 00


---------------  P R O C E S S  ---------------

Threads class SMR info:
_java_thread_list=0x00007fdb183c7ef0, length=12, elements={
0x00007fdb18015800, 0x00007fdb18231800, 0x00007fdb1823b800, 0x00007fdb18241000,
0x00007fdb18243800, 0x00007fdb18245800, 0x00007fdb18247800, 0x00007fdb1829e800,
0x00007fdac00f1800, 0x00007fdb18347800, 0x00007fdb1834b800, 0x00007fdb183c6800
}

Java Threads: ( => current thread )
  0x00007fdb18015800 JavaThread "main" [_thread_blocked, id=10774, stack(0x00007fdb216f0000,0x00007fdb217f1000)]
  0x00007fdb18231800 JavaThread "Reference Handler" daemon [_thread_blocked, id=10793, stack(0x00007fdae3dfd000,0x00007fdae3efe000)]
  0x00007fdb1823b800 JavaThread "Finalizer" daemon [_thread_blocked, id=10794, stack(0x00007fdae3cfc000,0x00007fdae3dfd000)]
  0x00007fdb18241000 JavaThread "Signal Dispatcher" daemon [_thread_blocked, id=10795, stack(0x00007fdae391d000,0x00007fdae3a1e000)]
=>0x00007fdb18243800 JavaThread "C2 CompilerThread0" daemon [_thread_in_native, id=10796, stack(0x00007fdae381c000,0x00007fdae391d000)]
  0x00007fdb18245800 JavaThread "C1 CompilerThread0" daemon [_thread_blocked, id=10797, stack(0x00007fdae371b000,0x00007fdae381c000)]
  0x00007fdb18247800 JavaThread "Sweeper thread" daemon [_thread_blocked, id=10798, stack(0x00007fdae361a000,0x00007fdae371b000)]
  0x00007fdb1829e800 JavaThread "Common-Cleaner" daemon [_thread_blocked, id=10802, stack(0x00007fdae30f1000,0x00007fdae31f2000)]
  0x00007fdac00f1800 JavaThread "C2 CompilerThread1" daemon [_thread_in_native, id=10803, stack(0x00007fdae2ff0000,0x00007fdae30f1000)]
  0x00007fdb18347800 JavaThread "Monitor Ctrl-Break" daemon [_thread_in_native, id=10804, stack(0x00007fdae2eef000,0x00007fdae2ff0000)]
  0x00007fdb1834b800 JavaThread "Service Thread" daemon [_thread_blocked, id=10805, stack(0x00007fdae2dee000,0x00007fdae2eef000)]
  0x00007fdb183c6800 JavaThread "QuantumRenderer-0" daemon [_thread_in_native, id=10808, stack(0x00007fdae2beb000,0x00007fdae2cec000)]

Other Threads:
  0x00007fdb1822f000 VMThread "VM Thread" [stack: 0x00007fdae3f00000,0x00007fdae4000000] [id=10790]
  0x00007fdb1834e000 WatcherThread [stack: 0x00007fdae2cee000,0x00007fdae2dee000] [id=10806]
  0x00007fdb1802b800 GCTaskThread "GC Thread#0" [stack: 0x00007fdb1c8c3000,0x00007fdb1c9c3000] [id=10780]
  0x00007fdb18089800 ConcurrentGCThread "G1 Main Marker" [stack: 0x00007fdaf3314000,0x00007fdaf3414000] [id=10781]
  0x00007fdb1808b800 ConcurrentGCThread "G1 Conc#0" [stack: 0x00007fdaf3212000,0x00007fdaf3312000] [id=10782]
  0x00007fdb1818b000 ConcurrentGCThread "G1 Refine#0" [stack: 0x00007fdaf0908000,0x00007fdaf0a08000] [id=10784]
  0x00007fdb1818c800 ConcurrentGCThread "G1 Young RemSet Sampling" [stack: 0x00007fdaf0806000,0x00007fdaf0906000] [id=10785]

Threads with active compile tasks:
C2 CompilerThread0 878       4       java.util.HashMap::getNode (148 bytes)
C2 CompilerThread1 837       4       jdk.internal.org.objectweb.asm.Frame::execute (2264 bytes)

VM state:not at safepoint (normal execution)

VM Mutex/Monitor currently owned by a thread: None

Heap address: 0x0000000707400000, size: 3980 MB, Compressed Oops mode: Zero based, Oop shift amount: 3
Narrow klass base: 0x0000000800000000, Narrow klass shift: 3
Compressed class space size: 1073741824 Address: 0x0000000840000000

Heap:
 garbage-first heap   total 258048K, used 18040K [0x0000000707400000, 0x0000000800000000)
  region size 1024K, 19 young (19456K), 0 survivors (0K)
 Metaspace       used 3653K, capacity 5984K, committed 6144K, reserved 1056768K
  class space    used 437K, capacity 704K, committed 768K, reserved 1048576K
Heap Regions: E=young(eden), S=young(survivor), O=old, HS=humongous(starts), HC=humongous(continues), CS=collection set, F=free, A=archive, TAMS=top-at-mark-start (previous, next)
|   0|0x0000000707400000, 0x0000000707400000, 0x0000000707500000|  0%| F|  |TAMS 0x0000000707400000, 0x0000000707400000| Untracked 
|   1|0x0000000707500000, 0x0000000707500000, 0x0000000707600000|  0%| F|  |TAMS 0x0000000707500000, 0x0000000707500000| Untracked 
|   2|0x0000000707600000, 0x0000000707600000, 0x0000000707700000|  0%| F|  |TAMS 0x0000000707600000, 0x0000000707600000| Untracked 
|   3|0x0000000707700000, 0x0000000707700000, 0x0000000707800000|  0%| F|  |TAMS 0x0000000707700000, 0x0000000707700000| Untracked 
|   4|0x0000000707800000, 0x0000000707800000, 0x0000000707900000|  0%| F|  |TAMS 0x0000000707800000, 0x0000000707800000| Untracked 
|   5|0x0000000707900000, 0x0000000707900000, 0x0000000707a00000|  0%| F|  |TAMS 0x0000000707900000, 0x0000000707900000| Untracked 
|   6|0x0000000707a00000, 0x0000000707a00000, 0x0000000707b00000|  0%| F|  |TAMS 0x0000000707a00000, 0x0000000707a00000| Untracked 
|   7|0x0000000707b00000, 0x0000000707b00000, 0x0000000707c00000|  0%| F|  |TAMS 0x0000000707b00000, 0x0000000707b00000| Untracked 
|   8|0x0000000707c00000, 0x0000000707c00000, 0x0000000707d00000|  0%| F|  |TAMS 0x0000000707c00000, 0x0000000707c00000| Untracked 
|   9|0x0000000707d00000, 0x0000000707d00000, 0x0000000707e00000|  0%| F|  |TAMS 0x0000000707d00000, 0x0000000707d00000| Untracked 
|  10|0x0000000707e00000, 0x0000000707e00000, 0x0000000707f00000|  0%| F|  |TAMS 0x0000000707e00000, 0x0000000707e00000| Untracked 
|  11|0x0000000707f00000, 0x0000000707f00000, 0x0000000708000000|  0%| F|  |TAMS 0x0000000707f00000, 0x0000000707f00000| Untracked 
|  12|0x0000000708000000, 0x0000000708000000, 0x0000000708100000|  0%| F|  |TAMS 0x0000000708000000, 0x0000000708000000| Untracked 
|  13|0x0000000708100000, 0x0000000708100000, 0x0000000708200000|  0%| F|  |TAMS 0x0000000708100000, 0x0000000708100000| Untracked 
|  14|0x0000000708200000, 0x0000000708200000, 0x0000000708300000|  0%| F|  |TAMS 0x0000000708200000, 0x0000000708200000| Untracked 
|  15|0x0000000708300000, 0x0000000708300000, 0x0000000708400000|  0%| F|  |TAMS 0x0000000708300000, 0x0000000708300000| Untracked 
|  16|0x0000000708400000, 0x0000000708400000, 0x0000000708500000|  0%| F|  |TAMS 0x0000000708400000, 0x0000000708400000| Untracked 
|  17|0x0000000708500000, 0x0000000708500000, 0x0000000708600000|  0%| F|  |TAMS 0x0000000708500000, 0x0000000708500000| Untracked 
|  18|0x0000000708600000, 0x0000000708600000, 0x0000000708700000|  0%| F|  |TAMS 0x0000000708600000, 0x0000000708600000| Untracked 
|  19|0x0000000708700000, 0x0000000708700000, 0x0000000708800000|  0%| F|  |TAMS 0x0000000708700000, 0x0000000708700000| Untracked 
|  20|0x0000000708800000, 0x0000000708800000, 0x0000000708900000|  0%| F|  |TAMS 0x0000000708800000, 0x0000000708800000| Untracked 
|  21|0x0000000708900000, 0x0000000708900000, 0x0000000708a00000|  0%| F|  |TAMS 0x0000000708900000, 0x0000000708900000| Untracked 
|  22|0x0000000708a00000, 0x0000000708a00000, 0x0000000708b00000|  0%| F|  |TAMS 0x0000000708a00000, 0x0000000708a00000| Untracked 
|  23|0x0000000708b00000, 0x0000000708b00000, 0x0000000708c00000|  0%| F|  |TAMS 0x0000000708b00000, 0x0000000708b00000| Untracked 
|  24|0x0000000708c00000, 0x0000000708c00000, 0x0000000708d00000|  0%| F|  |TAMS 0x0000000708c00000, 0x0000000708c00000| Untracked 
|  25|0x0000000708d00000, 0x0000000708d00000, 0x0000000708e00000|  0%| F|  |TAMS 0x0000000708d00000, 0x0000000708d00000| Untracked 
|  26|0x0000000708e00000, 0x0000000708e00000, 0x0000000708f00000|  0%| F|  |TAMS 0x0000000708e00000, 0x0000000708e00000| Untracked 
|  27|0x0000000708f00000, 0x0000000708f00000, 0x0000000709000000|  0%| F|  |TAMS 0x0000000708f00000, 0x0000000708f00000| Untracked 
|  28|0x0000000709000000, 0x0000000709000000, 0x0000000709100000|  0%| F|  |TAMS 0x0000000709000000, 0x0000000709000000| Untracked 
|  29|0x0000000709100000, 0x0000000709100000, 0x0000000709200000|  0%| F|  |TAMS 0x0000000709100000, 0x0000000709100000| Untracked 
|  30|0x0000000709200000, 0x0000000709200000, 0x0000000709300000|  0%| F|  |TAMS 0x0000000709200000, 0x0000000709200000| Untracked 
|  31|0x0000000709300000, 0x0000000709300000, 0x0000000709400000|  0%| F|  |TAMS 0x0000000709300000, 0x0000000709300000| Untracked 
|  32|0x0000000709400000, 0x0000000709400000, 0x0000000709500000|  0%| F|  |TAMS 0x0000000709400000, 0x0000000709400000| Untracked 
|  33|0x0000000709500000, 0x0000000709500000, 0x0000000709600000|  0%| F|  |TAMS 0x0000000709500000, 0x0000000709500000| Untracked 
|  34|0x0000000709600000, 0x0000000709600000, 0x0000000709700000|  0%| F|  |TAMS 0x0000000709600000, 0x0000000709600000| Untracked 
|  35|0x0000000709700000, 0x0000000709700000, 0x0000000709800000|  0%| F|  |TAMS 0x0000000709700000, 0x0000000709700000| Untracked 
|  36|0x0000000709800000, 0x0000000709800000, 0x0000000709900000|  0%| F|  |TAMS 0x0000000709800000, 0x0000000709800000| Untracked 
|  37|0x0000000709900000, 0x0000000709900000, 0x0000000709a00000|  0%| F|  |TAMS 0x0000000709900000, 0x0000000709900000| Untracked 
|  38|0x0000000709a00000, 0x0000000709a00000, 0x0000000709b00000|  0%| F|  |TAMS 0x0000000709a00000, 0x0000000709a00000| Untracked 
|  39|0x0000000709b00000, 0x0000000709b00000, 0x0000000709c00000|  0%| F|  |TAMS 0x0000000709b00000, 0x0000000709b00000| Untracked 
|  40|0x0000000709c00000, 0x0000000709c00000, 0x0000000709d00000|  0%| F|  |TAMS 0x0000000709c00000, 0x0000000709c00000| Untracked 
|  41|0x0000000709d00000, 0x0000000709d00000, 0x0000000709e00000|  0%| F|  |TAMS 0x0000000709d00000, 0x0000000709d00000| Untracked 
|  42|0x0000000709e00000, 0x0000000709e00000, 0x0000000709f00000|  0%| F|  |TAMS 0x0000000709e00000, 0x0000000709e00000| Untracked 
|  43|0x0000000709f00000, 0x0000000709f00000, 0x000000070a000000|  0%| F|  |TAMS 0x0000000709f00000, 0x0000000709f00000| Untracked 
|  44|0x000000070a000000, 0x000000070a000000, 0x000000070a100000|  0%| F|  |TAMS 0x000000070a000000, 0x000000070a000000| Untracked 
|  45|0x000000070a100000, 0x000000070a100000, 0x000000070a200000|  0%| F|  |TAMS 0x000000070a100000, 0x000000070a100000| Untracked 
|  46|0x000000070a200000, 0x000000070a200000, 0x000000070a300000|  0%| F|  |TAMS 0x000000070a200000, 0x000000070a200000| Untracked 
|  47|0x000000070a300000, 0x000000070a300000, 0x000000070a400000|  0%| F|  |TAMS 0x000000070a300000, 0x000000070a300000| Untracked 
|  48|0x000000070a400000, 0x000000070a400000, 0x000000070a500000|  0%| F|  |TAMS 0x000000070a400000, 0x000000070a400000| Untracked 
|  49|0x000000070a500000, 0x000000070a500000, 0x000000070a600000|  0%| F|  |TAMS 0x000000070a500000, 0x000000070a500000| Untracked 
|  50|0x000000070a600000, 0x000000070a600000, 0x000000070a700000|  0%| F|  |TAMS 0x000000070a600000, 0x000000070a600000| Untracked 
|  51|0x000000070a700000, 0x000000070a700000, 0x000000070a800000|  0%| F|  |TAMS 0x000000070a700000, 0x000000070a700000| Untracked 
|  52|0x000000070a800000, 0x000000070a800000, 0x000000070a900000|  0%| F|  |TAMS 0x000000070a800000, 0x000000070a800000| Untracked 
|  53|0x000000070a900000, 0x000000070a900000, 0x000000070aa00000|  0%| F|  |TAMS 0x000000070a900000, 0x000000070a900000| Untracked 
|  54|0x000000070aa00000, 0x000000070aa00000, 0x000000070ab00000|  0%| F|  |TAMS 0x000000070aa00000, 0x000000070aa00000| Untracked 
|  55|0x000000070ab00000, 0x000000070ab00000, 0x000000070ac00000|  0%| F|  |TAMS 0x000000070ab00000, 0x000000070ab00000| Untracked 
|  56|0x000000070ac00000, 0x000000070ac00000, 0x000000070ad00000|  0%| F|  |TAMS 0x000000070ac00000, 0x000000070ac00000| Untracked 
|  57|0x000000070ad00000, 0x000000070ad00000, 0x000000070ae00000|  0%| F|  |TAMS 0x000000070ad00000, 0x000000070ad00000| Untracked 
|  58|0x000000070ae00000, 0x000000070ae00000, 0x000000070af00000|  0%| F|  |TAMS 0x000000070ae00000, 0x000000070ae00000| Untracked 
|  59|0x000000070af00000, 0x000000070af00000, 0x000000070b000000|  0%| F|  |TAMS 0x000000070af00000, 0x000000070af00000| Untracked 
|  60|0x000000070b000000, 0x000000070b000000, 0x000000070b100000|  0%| F|  |TAMS 0x000000070b000000, 0x000000070b000000| Untracked 
|  61|0x000000070b100000, 0x000000070b100000, 0x000000070b200000|  0%| F|  |TAMS 0x000000070b100000, 0x000000070b100000| Untracked 
|  62|0x000000070b200000, 0x000000070b200000, 0x000000070b300000|  0%| F|  |TAMS 0x000000070b200000, 0x000000070b200000| Untracked 
|  63|0x000000070b300000, 0x000000070b300000, 0x000000070b400000|  0%| F|  |TAMS 0x000000070b300000, 0x000000070b300000| Untracked 
|  64|0x000000070b400000, 0x000000070b400000, 0x000000070b500000|  0%| F|  |TAMS 0x000000070b400000, 0x000000070b400000| Untracked 
|  65|0x000000070b500000, 0x000000070b500000, 0x000000070b600000|  0%| F|  |TAMS 0x000000070b500000, 0x000000070b500000| Untracked 
|  66|0x000000070b600000, 0x000000070b600000, 0x000000070b700000|  0%| F|  |TAMS 0x000000070b600000, 0x000000070b600000| Untracked 
|  67|0x000000070b700000, 0x000000070b700000, 0x000000070b800000|  0%| F|  |TAMS 0x000000070b700000, 0x000000070b700000| Untracked 
|  68|0x000000070b800000, 0x000000070b800000, 0x000000070b900000|  0%| F|  |TAMS 0x000000070b800000, 0x000000070b800000| Untracked 
|  69|0x000000070b900000, 0x000000070b900000, 0x000000070ba00000|  0%| F|  |TAMS 0x000000070b900000, 0x000000070b900000| Untracked 
|  70|0x000000070ba00000, 0x000000070ba00000, 0x000000070bb00000|  0%| F|  |TAMS 0x000000070ba00000, 0x000000070ba00000| Untracked 
|  71|0x000000070bb00000, 0x000000070bb00000, 0x000000070bc00000|  0%| F|  |TAMS 0x000000070bb00000, 0x000000070bb00000| Untracked 
|  72|0x000000070bc00000, 0x000000070bc00000, 0x000000070bd00000|  0%| F|  |TAMS 0x000000070bc00000, 0x000000070bc00000| Untracked 
|  73|0x000000070bd00000, 0x000000070bd00000, 0x000000070be00000|  0%| F|  |TAMS 0x000000070bd00000, 0x000000070bd00000| Untracked 
|  74|0x000000070be00000, 0x000000070be00000, 0x000000070bf00000|  0%| F|  |TAMS 0x000000070be00000, 0x000000070be00000| Untracked 
|  75|0x000000070bf00000, 0x000000070bf00000, 0x000000070c000000|  0%| F|  |TAMS 0x000000070bf00000, 0x000000070bf00000| Untracked 
|  76|0x000000070c000000, 0x000000070c000000, 0x000000070c100000|  0%| F|  |TAMS 0x000000070c000000, 0x000000070c000000| Untracked 
|  77|0x000000070c100000, 0x000000070c100000, 0x000000070c200000|  0%| F|  |TAMS 0x000000070c100000, 0x000000070c100000| Untracked 
|  78|0x000000070c200000, 0x000000070c200000, 0x000000070c300000|  0%| F|  |TAMS 0x000000070c200000, 0x000000070c200000| Untracked 
|  79|0x000000070c300000, 0x000000070c300000, 0x000000070c400000|  0%| F|  |TAMS 0x000000070c300000, 0x000000070c300000| Untracked 
|  80|0x000000070c400000, 0x000000070c400000, 0x000000070c500000|  0%| F|  |TAMS 0x000000070c400000, 0x000000070c400000| Untracked 
|  81|0x000000070c500000, 0x000000070c500000, 0x000000070c600000|  0%| F|  |TAMS 0x000000070c500000, 0x000000070c500000| Untracked 
|  82|0x000000070c600000, 0x000000070c600000, 0x000000070c700000|  0%| F|  |TAMS 0x000000070c600000, 0x000000070c600000| Untracked 
|  83|0x000000070c700000, 0x000000070c700000, 0x000000070c800000|  0%| F|  |TAMS 0x000000070c700000, 0x000000070c700000| Untracked 
|  84|0x000000070c800000, 0x000000070c800000, 0x000000070c900000|  0%| F|  |TAMS 0x000000070c800000, 0x000000070c800000| Untracked 
|  85|0x000000070c900000, 0x000000070c900000, 0x000000070ca00000|  0%| F|  |TAMS 0x000000070c900000, 0x000000070c900000| Untracked 
|  86|0x000000070ca00000, 0x000000070ca00000, 0x000000070cb00000|  0%| F|  |TAMS 0x000000070ca00000, 0x000000070ca00000| Untracked 
|  87|0x000000070cb00000, 0x000000070cb00000, 0x000000070cc00000|  0%| F|  |TAMS 0x000000070cb00000, 0x000000070cb00000| Untracked 
|  88|0x000000070cc00000, 0x000000070cc00000, 0x000000070cd00000|  0%| F|  |TAMS 0x000000070cc00000, 0x000000070cc00000| Untracked 
|  89|0x000000070cd00000, 0x000000070cd00000, 0x000000070ce00000|  0%| F|  |TAMS 0x000000070cd00000, 0x000000070cd00000| Untracked 
|  90|0x000000070ce00000, 0x000000070ce00000, 0x000000070cf00000|  0%| F|  |TAMS 0x000000070ce00000, 0x000000070ce00000| Untracked 
|  91|0x000000070cf00000, 0x000000070cf00000, 0x000000070d000000|  0%| F|  |TAMS 0x000000070cf00000, 0x000000070cf00000| Untracked 
|  92|0x000000070d000000, 0x000000070d000000, 0x000000070d100000|  0%| F|  |TAMS 0x000000070d000000, 0x000000070d000000| Untracked 
|  93|0x000000070d100000, 0x000000070d100000, 0x000000070d200000|  0%| F|  |TAMS 0x000000070d100000, 0x000000070d100000| Untracked 
|  94|0x000000070d200000, 0x000000070d200000, 0x000000070d300000|  0%| F|  |TAMS 0x000000070d200000, 0x000000070d200000| Untracked 
|  95|0x000000070d300000, 0x000000070d300000, 0x000000070d400000|  0%| F|  |TAMS 0x000000070d300000, 0x000000070d300000| Untracked 
|  96|0x000000070d400000, 0x000000070d400000, 0x000000070d500000|  0%| F|  |TAMS 0x000000070d400000, 0x000000070d400000| Untracked 
|  97|0x000000070d500000, 0x000000070d500000, 0x000000070d600000|  0%| F|  |TAMS 0x000000070d500000, 0x000000070d500000| Untracked 
|  98|0x000000070d600000, 0x000000070d600000, 0x000000070d700000|  0%| F|  |TAMS 0x000000070d600000, 0x000000070d600000| Untracked 
|  99|0x000000070d700000, 0x000000070d700000, 0x000000070d800000|  0%| F|  |TAMS 0x000000070d700000, 0x000000070d700000| Untracked 
| 100|0x000000070d800000, 0x000000070d800000, 0x000000070d900000|  0%| F|  |TAMS 0x000000070d800000, 0x000000070d800000| Untracked 
| 101|0x000000070d900000, 0x000000070d900000, 0x000000070da00000|  0%| F|  |TAMS 0x000000070d900000, 0x000000070d900000| Untracked 
| 102|0x000000070da00000, 0x000000070da00000, 0x000000070db00000|  0%| F|  |TAMS 0x000000070da00000, 0x000000070da00000| Untracked 
| 103|0x000000070db00000, 0x000000070db00000, 0x000000070dc00000|  0%| F|  |TAMS 0x000000070db00000, 0x000000070db00000| Untracked 
| 104|0x000000070dc00000, 0x000000070dc00000, 0x000000070dd00000|  0%| F|  |TAMS 0x000000070dc00000, 0x000000070dc00000| Untracked 
| 105|0x000000070dd00000, 0x000000070dd00000, 0x000000070de00000|  0%| F|  |TAMS 0x000000070dd00000, 0x000000070dd00000| Untracked 
| 106|0x000000070de00000, 0x000000070de00000, 0x000000070df00000|  0%| F|  |TAMS 0x000000070de00000, 0x000000070de00000| Untracked 
| 107|0x000000070df00000, 0x000000070df00000, 0x000000070e000000|  0%| F|  |TAMS 0x000000070df00000, 0x000000070df00000| Untracked 
| 108|0x000000070e000000, 0x000000070e000000, 0x000000070e100000|  0%| F|  |TAMS 0x000000070e000000, 0x000000070e000000| Untracked 
| 109|0x000000070e100000, 0x000000070e100000, 0x000000070e200000|  0%| F|  |TAMS 0x000000070e100000, 0x000000070e100000| Untracked 
| 110|0x000000070e200000, 0x000000070e200000, 0x000000070e300000|  0%| F|  |TAMS 0x000000070e200000, 0x000000070e200000| Untracked 
| 111|0x000000070e300000, 0x000000070e300000, 0x000000070e400000|  0%| F|  |TAMS 0x000000070e300000, 0x000000070e300000| Untracked 
| 112|0x000000070e400000, 0x000000070e400000, 0x000000070e500000|  0%| F|  |TAMS 0x000000070e400000, 0x000000070e400000| Untracked 
| 113|0x000000070e500000, 0x000000070e500000, 0x000000070e600000|  0%| F|  |TAMS 0x000000070e500000, 0x000000070e500000| Untracked 
| 114|0x000000070e600000, 0x000000070e600000, 0x000000070e700000|  0%| F|  |TAMS 0x000000070e600000, 0x000000070e600000| Untracked 
| 115|0x000000070e700000, 0x000000070e700000, 0x000000070e800000|  0%| F|  |TAMS 0x000000070e700000, 0x000000070e700000| Untracked 
| 116|0x000000070e800000, 0x000000070e800000, 0x000000070e900000|  0%| F|  |TAMS 0x000000070e800000, 0x000000070e800000| Untracked 
| 117|0x000000070e900000, 0x000000070e900000, 0x000000070ea00000|  0%| F|  |TAMS 0x000000070e900000, 0x000000070e900000| Untracked 
| 118|0x000000070ea00000, 0x000000070ea00000, 0x000000070eb00000|  0%| F|  |TAMS 0x000000070ea00000, 0x000000070ea00000| Untracked 
| 119|0x000000070eb00000, 0x000000070eb00000, 0x000000070ec00000|  0%| F|  |TAMS 0x000000070eb00000, 0x000000070eb00000| Untracked 
| 120|0x000000070ec00000, 0x000000070ec00000, 0x000000070ed00000|  0%| F|  |TAMS 0x000000070ec00000, 0x000000070ec00000| Untracked 
| 121|0x000000070ed00000, 0x000000070ed00000, 0x000000070ee00000|  0%| F|  |TAMS 0x000000070ed00000, 0x000000070ed00000| Untracked 
| 122|0x000000070ee00000, 0x000000070ee00000, 0x000000070ef00000|  0%| F|  |TAMS 0x000000070ee00000, 0x000000070ee00000| Untracked 
| 123|0x000000070ef00000, 0x000000070ef00000, 0x000000070f000000|  0%| F|  |TAMS 0x000000070ef00000, 0x000000070ef00000| Untracked 
| 124|0x000000070f000000, 0x000000070f000000, 0x000000070f100000|  0%| F|  |TAMS 0x000000070f000000, 0x000000070f000000| Untracked 
| 125|0x000000070f100000, 0x000000070f100000, 0x000000070f200000|  0%| F|  |TAMS 0x000000070f100000, 0x000000070f100000| Untracked 
| 126|0x000000070f200000, 0x000000070f200000, 0x000000070f300000|  0%| F|  |TAMS 0x000000070f200000, 0x000000070f200000| Untracked 
| 127|0x000000070f300000, 0x000000070f300000, 0x000000070f400000|  0%| F|  |TAMS 0x000000070f300000, 0x000000070f300000| Untracked 
| 128|0x000000070f400000, 0x000000070f400000, 0x000000070f500000|  0%| F|  |TAMS 0x000000070f400000, 0x000000070f400000| Untracked 
| 129|0x000000070f500000, 0x000000070f500000, 0x000000070f600000|  0%| F|  |TAMS 0x000000070f500000, 0x000000070f500000| Untracked 
| 130|0x000000070f600000, 0x000000070f600000, 0x000000070f700000|  0%| F|  |TAMS 0x000000070f600000, 0x000000070f600000| Untracked 
| 131|0x000000070f700000, 0x000000070f700000, 0x000000070f800000|  0%| F|  |TAMS 0x000000070f700000, 0x000000070f700000| Untracked 
| 132|0x000000070f800000, 0x000000070f800000, 0x000000070f900000|  0%| F|  |TAMS 0x000000070f800000, 0x000000070f800000| Untracked 
| 133|0x000000070f900000, 0x000000070f900000, 0x000000070fa00000|  0%| F|  |TAMS 0x000000070f900000, 0x000000070f900000| Untracked 
| 134|0x000000070fa00000, 0x000000070fa00000, 0x000000070fb00000|  0%| F|  |TAMS 0x000000070fa00000, 0x000000070fa00000| Untracked 
| 135|0x000000070fb00000, 0x000000070fb00000, 0x000000070fc00000|  0%| F|  |TAMS 0x000000070fb00000, 0x000000070fb00000| Untracked 
| 136|0x000000070fc00000, 0x000000070fc00000, 0x000000070fd00000|  0%| F|  |TAMS 0x000000070fc00000, 0x000000070fc00000| Untracked 
| 137|0x000000070fd00000, 0x000000070fd00000, 0x000000070fe00000|  0%| F|  |TAMS 0x000000070fd00000, 0x000000070fd00000| Untracked 
| 138|0x000000070fe00000, 0x000000070fe00000, 0x000000070ff00000|  0%| F|  |TAMS 0x000000070fe00000, 0x000000070fe00000| Untracked 
| 139|0x000000070ff00000, 0x000000070ff00000, 0x0000000710000000|  0%| F|  |TAMS 0x000000070ff00000, 0x000000070ff00000| Untracked 
| 140|0x0000000710000000, 0x0000000710000000, 0x0000000710100000|  0%| F|  |TAMS 0x0000000710000000, 0x0000000710000000| Untracked 
| 141|0x0000000710100000, 0x0000000710100000, 0x0000000710200000|  0%| F|  |TAMS 0x0000000710100000, 0x0000000710100000| Untracked 
| 142|0x0000000710200000, 0x0000000710200000, 0x0000000710300000|  0%| F|  |TAMS 0x0000000710200000, 0x0000000710200000| Untracked 
| 143|0x0000000710300000, 0x0000000710300000, 0x0000000710400000|  0%| F|  |TAMS 0x0000000710300000, 0x0000000710300000| Untracked 
| 144|0x0000000710400000, 0x0000000710400000, 0x0000000710500000|  0%| F|  |TAMS 0x0000000710400000, 0x0000000710400000| Untracked 
| 145|0x0000000710500000, 0x0000000710500000, 0x0000000710600000|  0%| F|  |TAMS 0x0000000710500000, 0x0000000710500000| Untracked 
| 146|0x0000000710600000, 0x0000000710600000, 0x0000000710700000|  0%| F|  |TAMS 0x0000000710600000, 0x0000000710600000| Untracked 
| 147|0x0000000710700000, 0x0000000710700000, 0x0000000710800000|  0%| F|  |TAMS 0x0000000710700000, 0x0000000710700000| Untracked 
| 148|0x0000000710800000, 0x0000000710800000, 0x0000000710900000|  0%| F|  |TAMS 0x0000000710800000, 0x0000000710800000| Untracked 
| 149|0x0000000710900000, 0x0000000710900000, 0x0000000710a00000|  0%| F|  |TAMS 0x0000000710900000, 0x0000000710900000| Untracked 
| 150|0x0000000710a00000, 0x0000000710a00000, 0x0000000710b00000|  0%| F|  |TAMS 0x0000000710a00000, 0x0000000710a00000| Untracked 
| 151|0x0000000710b00000, 0x0000000710b00000, 0x0000000710c00000|  0%| F|  |TAMS 0x0000000710b00000, 0x0000000710b00000| Untracked 
| 152|0x0000000710c00000, 0x0000000710c00000, 0x0000000710d00000|  0%| F|  |TAMS 0x0000000710c00000, 0x0000000710c00000| Untracked 
| 153|0x0000000710d00000, 0x0000000710d00000, 0x0000000710e00000|  0%| F|  |TAMS 0x0000000710d00000, 0x0000000710d00000| Untracked 
| 154|0x0000000710e00000, 0x0000000710e00000, 0x0000000710f00000|  0%| F|  |TAMS 0x0000000710e00000, 0x0000000710e00000| Untracked 
| 155|0x0000000710f00000, 0x0000000710f00000, 0x0000000711000000|  0%| F|  |TAMS 0x0000000710f00000, 0x0000000710f00000| Untracked 
| 156|0x0000000711000000, 0x0000000711000000, 0x0000000711100000|  0%| F|  |TAMS 0x0000000711000000, 0x0000000711000000| Untracked 
| 157|0x0000000711100000, 0x0000000711100000, 0x0000000711200000|  0%| F|  |TAMS 0x0000000711100000, 0x0000000711100000| Untracked 
| 158|0x0000000711200000, 0x0000000711200000, 0x0000000711300000|  0%| F|  |TAMS 0x0000000711200000, 0x0000000711200000| Untracked 
| 159|0x0000000711300000, 0x0000000711300000, 0x0000000711400000|  0%| F|  |TAMS 0x0000000711300000, 0x0000000711300000| Untracked 
| 160|0x0000000711400000, 0x0000000711400000, 0x0000000711500000|  0%| F|  |TAMS 0x0000000711400000, 0x0000000711400000| Untracked 
| 161|0x0000000711500000, 0x0000000711500000, 0x0000000711600000|  0%| F|  |TAMS 0x0000000711500000, 0x0000000711500000| Untracked 
| 162|0x0000000711600000, 0x0000000711600000, 0x0000000711700000|  0%| F|  |TAMS 0x0000000711600000, 0x0000000711600000| Untracked 
| 163|0x0000000711700000, 0x0000000711700000, 0x0000000711800000|  0%| F|  |TAMS 0x0000000711700000, 0x0000000711700000| Untracked 
| 164|0x0000000711800000, 0x0000000711800000, 0x0000000711900000|  0%| F|  |TAMS 0x0000000711800000, 0x0000000711800000| Untracked 
| 165|0x0000000711900000, 0x0000000711900000, 0x0000000711a00000|  0%| F|  |TAMS 0x0000000711900000, 0x0000000711900000| Untracked 
| 166|0x0000000711a00000, 0x0000000711a00000, 0x0000000711b00000|  0%| F|  |TAMS 0x0000000711a00000, 0x0000000711a00000| Untracked 
| 167|0x0000000711b00000, 0x0000000711b00000, 0x0000000711c00000|  0%| F|  |TAMS 0x0000000711b00000, 0x0000000711b00000| Untracked 
| 168|0x0000000711c00000, 0x0000000711c00000, 0x0000000711d00000|  0%| F|  |TAMS 0x0000000711c00000, 0x0000000711c00000| Untracked 
| 169|0x0000000711d00000, 0x0000000711d00000, 0x0000000711e00000|  0%| F|  |TAMS 0x0000000711d00000, 0x0000000711d00000| Untracked 
| 170|0x0000000711e00000, 0x0000000711e00000, 0x0000000711f00000|  0%| F|  |TAMS 0x0000000711e00000, 0x0000000711e00000| Untracked 
| 171|0x0000000711f00000, 0x0000000711f00000, 0x0000000712000000|  0%| F|  |TAMS 0x0000000711f00000, 0x0000000711f00000| Untracked 
| 172|0x0000000712000000, 0x0000000712000000, 0x0000000712100000|  0%| F|  |TAMS 0x0000000712000000, 0x0000000712000000| Untracked 
| 173|0x0000000712100000, 0x0000000712100000, 0x0000000712200000|  0%| F|  |TAMS 0x0000000712100000, 0x0000000712100000| Untracked 
| 174|0x0000000712200000, 0x0000000712200000, 0x0000000712300000|  0%| F|  |TAMS 0x0000000712200000, 0x0000000712200000| Untracked 
| 175|0x0000000712300000, 0x0000000712300000, 0x0000000712400000|  0%| F|  |TAMS 0x0000000712300000, 0x0000000712300000| Untracked 
| 176|0x0000000712400000, 0x0000000712400000, 0x0000000712500000|  0%| F|  |TAMS 0x0000000712400000, 0x0000000712400000| Untracked 
| 177|0x0000000712500000, 0x0000000712500000, 0x0000000712600000|  0%| F|  |TAMS 0x0000000712500000, 0x0000000712500000| Untracked 
| 178|0x0000000712600000, 0x0000000712600000, 0x0000000712700000|  0%| F|  |TAMS 0x0000000712600000, 0x0000000712600000| Untracked 
| 179|0x0000000712700000, 0x0000000712700000, 0x0000000712800000|  0%| F|  |TAMS 0x0000000712700000, 0x0000000712700000| Untracked 
| 180|0x0000000712800000, 0x0000000712800000, 0x0000000712900000|  0%| F|  |TAMS 0x0000000712800000, 0x0000000712800000| Untracked 
| 181|0x0000000712900000, 0x0000000712900000, 0x0000000712a00000|  0%| F|  |TAMS 0x0000000712900000, 0x0000000712900000| Untracked 
| 182|0x0000000712a00000, 0x0000000712a00000, 0x0000000712b00000|  0%| F|  |TAMS 0x0000000712a00000, 0x0000000712a00000| Untracked 
| 183|0x0000000712b00000, 0x0000000712b00000, 0x0000000712c00000|  0%| F|  |TAMS 0x0000000712b00000, 0x0000000712b00000| Untracked 
| 184|0x0000000712c00000, 0x0000000712c00000, 0x0000000712d00000|  0%| F|  |TAMS 0x0000000712c00000, 0x0000000712c00000| Untracked 
| 185|0x0000000712d00000, 0x0000000712d00000, 0x0000000712e00000|  0%| F|  |TAMS 0x0000000712d00000, 0x0000000712d00000| Untracked 
| 186|0x0000000712e00000, 0x0000000712e00000, 0x0000000712f00000|  0%| F|  |TAMS 0x0000000712e00000, 0x0000000712e00000| Untracked 
| 187|0x0000000712f00000, 0x0000000712f00000, 0x0000000713000000|  0%| F|  |TAMS 0x0000000712f00000, 0x0000000712f00000| Untracked 
| 188|0x0000000713000000, 0x0000000713000000, 0x0000000713100000|  0%| F|  |TAMS 0x0000000713000000, 0x0000000713000000| Untracked 
| 189|0x0000000713100000, 0x0000000713100000, 0x0000000713200000|  0%| F|  |TAMS 0x0000000713100000, 0x0000000713100000| Untracked 
| 190|0x0000000713200000, 0x0000000713200000, 0x0000000713300000|  0%| F|  |TAMS 0x0000000713200000, 0x0000000713200000| Untracked 
| 191|0x0000000713300000, 0x0000000713300000, 0x0000000713400000|  0%| F|  |TAMS 0x0000000713300000, 0x0000000713300000| Untracked 
| 192|0x0000000713400000, 0x0000000713400000, 0x0000000713500000|  0%| F|  |TAMS 0x0000000713400000, 0x0000000713400000| Untracked 
| 193|0x0000000713500000, 0x0000000713500000, 0x0000000713600000|  0%| F|  |TAMS 0x0000000713500000, 0x0000000713500000| Untracked 
| 194|0x0000000713600000, 0x0000000713600000, 0x0000000713700000|  0%| F|  |TAMS 0x0000000713600000, 0x0000000713600000| Untracked 
| 195|0x0000000713700000, 0x0000000713700000, 0x0000000713800000|  0%| F|  |TAMS 0x0000000713700000, 0x0000000713700000| Untracked 
| 196|0x0000000713800000, 0x0000000713800000, 0x0000000713900000|  0%| F|  |TAMS 0x0000000713800000, 0x0000000713800000| Untracked 
| 197|0x0000000713900000, 0x0000000713900000, 0x0000000713a00000|  0%| F|  |TAMS 0x0000000713900000, 0x0000000713900000| Untracked 
| 198|0x0000000713a00000, 0x0000000713a00000, 0x0000000713b00000|  0%| F|  |TAMS 0x0000000713a00000, 0x0000000713a00000| Untracked 
| 199|0x0000000713b00000, 0x0000000713b00000, 0x0000000713c00000|  0%| F|  |TAMS 0x0000000713b00000, 0x0000000713b00000| Untracked 
| 200|0x0000000713c00000, 0x0000000713c00000, 0x0000000713d00000|  0%| F|  |TAMS 0x0000000713c00000, 0x0000000713c00000| Untracked 
| 201|0x0000000713d00000, 0x0000000713d00000, 0x0000000713e00000|  0%| F|  |TAMS 0x0000000713d00000, 0x0000000713d00000| Untracked 
| 202|0x0000000713e00000, 0x0000000713e00000, 0x0000000713f00000|  0%| F|  |TAMS 0x0000000713e00000, 0x0000000713e00000| Untracked 
| 203|0x0000000713f00000, 0x0000000713f00000, 0x0000000714000000|  0%| F|  |TAMS 0x0000000713f00000, 0x0000000713f00000| Untracked 
| 204|0x0000000714000000, 0x0000000714000000, 0x0000000714100000|  0%| F|  |TAMS 0x0000000714000000, 0x0000000714000000| Untracked 
| 205|0x0000000714100000, 0x0000000714100000, 0x0000000714200000|  0%| F|  |TAMS 0x0000000714100000, 0x0000000714100000| Untracked 
| 206|0x0000000714200000, 0x0000000714200000, 0x0000000714300000|  0%| F|  |TAMS 0x0000000714200000, 0x0000000714200000| Untracked 
| 207|0x0000000714300000, 0x0000000714300000, 0x0000000714400000|  0%| F|  |TAMS 0x0000000714300000, 0x0000000714300000| Untracked 
| 208|0x0000000714400000, 0x0000000714400000, 0x0000000714500000|  0%| F|  |TAMS 0x0000000714400000, 0x0000000714400000| Untracked 
| 209|0x0000000714500000, 0x0000000714500000, 0x0000000714600000|  0%| F|  |TAMS 0x0000000714500000, 0x0000000714500000| Untracked 
| 210|0x0000000714600000, 0x0000000714600000, 0x0000000714700000|  0%| F|  |TAMS 0x0000000714600000, 0x0000000714600000| Untracked 
| 211|0x0000000714700000, 0x0000000714700000, 0x0000000714800000|  0%| F|  |TAMS 0x0000000714700000, 0x0000000714700000| Untracked 
| 212|0x0000000714800000, 0x0000000714800000, 0x0000000714900000|  0%| F|  |TAMS 0x0000000714800000, 0x0000000714800000| Untracked 
| 213|0x0000000714900000, 0x0000000714900000, 0x0000000714a00000|  0%| F|  |TAMS 0x0000000714900000, 0x0000000714900000| Untracked 
| 214|0x0000000714a00000, 0x0000000714a00000, 0x0000000714b00000|  0%| F|  |TAMS 0x0000000714a00000, 0x0000000714a00000| Untracked 
| 215|0x0000000714b00000, 0x0000000714b00000, 0x0000000714c00000|  0%| F|  |TAMS 0x0000000714b00000, 0x0000000714b00000| Untracked 
| 216|0x0000000714c00000, 0x0000000714c00000, 0x0000000714d00000|  0%| F|  |TAMS 0x0000000714c00000, 0x0000000714c00000| Untracked 
| 217|0x0000000714d00000, 0x0000000714d00000, 0x0000000714e00000|  0%| F|  |TAMS 0x0000000714d00000, 0x0000000714d00000| Untracked 
| 218|0x0000000714e00000, 0x0000000714e00000, 0x0000000714f00000|  0%| F|  |TAMS 0x0000000714e00000, 0x0000000714e00000| Untracked 
| 219|0x0000000714f00000, 0x0000000714f00000, 0x0000000715000000|  0%| F|  |TAMS 0x0000000714f00000, 0x0000000714f00000| Untracked 
| 220|0x0000000715000000, 0x0000000715000000, 0x0000000715100000|  0%| F|  |TAMS 0x0000000715000000, 0x0000000715000000| Untracked 
| 221|0x0000000715100000, 0x0000000715100000, 0x0000000715200000|  0%| F|  |TAMS 0x0000000715100000, 0x0000000715100000| Untracked 
| 222|0x0000000715200000, 0x0000000715200000, 0x0000000715300000|  0%| F|  |TAMS 0x0000000715200000, 0x0000000715200000| Untracked 
| 223|0x0000000715300000, 0x0000000715300000, 0x0000000715400000|  0%| F|  |TAMS 0x0000000715300000, 0x0000000715300000| Untracked 
| 224|0x0000000715400000, 0x0000000715400000, 0x0000000715500000|  0%| F|  |TAMS 0x0000000715400000, 0x0000000715400000| Untracked 
| 225|0x0000000715500000, 0x0000000715500000, 0x0000000715600000|  0%| F|  |TAMS 0x0000000715500000, 0x0000000715500000| Untracked 
| 226|0x0000000715600000, 0x0000000715600000, 0x0000000715700000|  0%| F|  |TAMS 0x0000000715600000, 0x0000000715600000| Untracked 
| 227|0x0000000715700000, 0x0000000715700000, 0x0000000715800000|  0%| F|  |TAMS 0x0000000715700000, 0x0000000715700000| Untracked 
| 228|0x0000000715800000, 0x0000000715800000, 0x0000000715900000|  0%| F|  |TAMS 0x0000000715800000, 0x0000000715800000| Untracked 
| 229|0x0000000715900000, 0x0000000715900000, 0x0000000715a00000|  0%| F|  |TAMS 0x0000000715900000, 0x0000000715900000| Untracked 
| 230|0x0000000715a00000, 0x0000000715a00000, 0x0000000715b00000|  0%| F|  |TAMS 0x0000000715a00000, 0x0000000715a00000| Untracked 
| 231|0x0000000715b00000, 0x0000000715bf6478, 0x0000000715c00000| 96%| E|  |TAMS 0x0000000715b00000, 0x0000000715b00000| Complete 
| 232|0x0000000715c00000, 0x0000000715d00000, 0x0000000715d00000|100%| E|CS|TAMS 0x0000000715c00000, 0x0000000715c00000| Complete 
| 233|0x0000000715d00000, 0x0000000715e00000, 0x0000000715e00000|100%| E|CS|TAMS 0x0000000715d00000, 0x0000000715d00000| Complete 
| 234|0x0000000715e00000, 0x0000000715f00000, 0x0000000715f00000|100%| E|CS|TAMS 0x0000000715e00000, 0x0000000715e00000| Complete 
| 235|0x0000000715f00000, 0x0000000716000000, 0x0000000716000000|100%| E|CS|TAMS 0x0000000715f00000, 0x0000000715f00000| Complete 
| 236|0x0000000716000000, 0x0000000716100000, 0x0000000716100000|100%| E|CS|TAMS 0x0000000716000000, 0x0000000716000000| Complete 
| 237|0x0000000716100000, 0x0000000716200000, 0x0000000716200000|100%| E|CS|TAMS 0x0000000716100000, 0x0000000716100000| Complete 
| 238|0x0000000716200000, 0x0000000716300000, 0x0000000716300000|100%| E|CS|TAMS 0x0000000716200000, 0x0000000716200000| Complete 
| 239|0x0000000716300000, 0x0000000716400000, 0x0000000716400000|100%| E|CS|TAMS 0x0000000716300000, 0x0000000716300000| Complete 
| 240|0x0000000716400000, 0x0000000716500000, 0x0000000716500000|100%| E|CS|TAMS 0x0000000716400000, 0x0000000716400000| Complete 
| 241|0x0000000716500000, 0x0000000716600000, 0x0000000716600000|100%| E|CS|TAMS 0x0000000716500000, 0x0000000716500000| Complete 
| 242|0x0000000716600000, 0x0000000716700000, 0x0000000716700000|100%| E|CS|TAMS 0x0000000716600000, 0x0000000716600000| Complete 
| 243|0x0000000716700000, 0x0000000716800000, 0x0000000716800000|100%| E|  |TAMS 0x0000000716700000, 0x0000000716700000| Complete 
| 244|0x0000000716800000, 0x0000000716900000, 0x0000000716900000|100%| E|CS|TAMS 0x0000000716800000, 0x0000000716800000| Complete 
| 245|0x0000000716900000, 0x0000000716a00000, 0x0000000716a00000|100%| E|CS|TAMS 0x0000000716900000, 0x0000000716900000| Complete 
| 246|0x0000000716a00000, 0x0000000716b00000, 0x0000000716b00000|100%| E|CS|TAMS 0x0000000716a00000, 0x0000000716a00000| Complete 
| 247|0x0000000716b00000, 0x0000000716c00000, 0x0000000716c00000|100%| E|CS|TAMS 0x0000000716b00000, 0x0000000716b00000| Complete 
| 248|0x0000000716c00000, 0x0000000716d00000, 0x0000000716d00000|100%| E|CS|TAMS 0x0000000716c00000, 0x0000000716c00000| Complete 
| 249|0x0000000716d00000, 0x0000000716e00000, 0x0000000716e00000|100%| E|CS|TAMS 0x0000000716d00000, 0x0000000716d00000| Complete 
|2954|0x00000007bfe00000, 0x00000007bfe34000, 0x00000007bff00000| 20%|OA|  |TAMS 0x00000007bfe00000, 0x00000007bfe00000| Untracked 
|2955|0x00000007bff00000, 0x00000007bff6a000, 0x00000007c0000000| 41%|CA|  |TAMS 0x00000007bff00000, 0x00000007bff00000| Untracked 

Card table byte_map: [0x00007fdafb83a000,0x00007fdafc000000] _byte_map_base: 0x00007fdaf8000000

Marking Bits (Prev, Next): (CMBitMap*) 0x00007fdb18079068, (CMBitMap*) 0x00007fdb180790a0
 Prev Bits: [0x00007fdaf7244000, 0x00007fdafb074000)
 Next Bits: [0x00007fdaf3414000, 0x00007fdaf7244000)

Polling page: 0x00007fdb2183e000

Metaspace:

Usage:
  Non-class:      5.16 MB capacity,     3.14 MB ( 61%) used,     1.99 MB ( 39%) free+waste,    26.06 KB ( <1%) overhead. 
      Class:    704.00 KB capacity,   437.06 KB ( 62%) used,   252.94 KB ( 36%) free+waste,    14.00 KB (  2%) overhead. 
       Both:      5.84 MB capacity,     3.57 MB ( 61%) used,     2.24 MB ( 38%) free+waste,    40.06 KB ( <1%) overhead. 

Virtual space:
  Non-class space:        8.00 MB reserved,       5.25 MB ( 66%) committed 
      Class space:        1.00 GB reserved,     768.00 KB ( <1%) committed 
             Both:        1.01 GB reserved,       6.00 MB ( <1%) committed 

Chunk freelists:
   Non-Class:  16.00 KB
       Class:  0 bytes
        Both:  16.00 KB

CodeHeap 'non-profiled nmethods': size=120032Kb used=334Kb max_used=334Kb free=119697Kb
 bounds [0x00007fdb0841e000, 0x00007fdb0868e000, 0x00007fdb0f956000]
CodeHeap 'profiled nmethods': size=120028Kb used=1370Kb max_used=1370Kb free=118657Kb
 bounds [0x00007fdb00ee7000, 0x00007fdb01157000, 0x00007fdb0841e000]
CodeHeap 'non-nmethods': size=5700Kb used=1104Kb max_used=1119Kb free=4595Kb
 bounds [0x00007fdb00956000, 0x00007fdb00bc6000, 0x00007fdb00ee7000]
 total_blobs=1507 nmethods=886 adapters=333
 compilation: enabled
              stopped_count=0, restarted_count=0
 full_count=0

Compilation events (10 events):
Event: 0.294 Thread 0x00007fdb18245800  891       3       java.nio.Buffer::hasRemaining (17 bytes)
Event: 0.294 Thread 0x00007fdb18245800 nmethod 891 0x00007fdb01038390 code [0x00007fdb01038540, 0x00007fdb01038710]
Event: 0.295 Thread 0x00007fdb18245800  892   !   3       jdk.internal.ref.PhantomCleanable::remove (60 bytes)
Event: 0.295 Thread 0x00007fdb18245800 nmethod 892 0x00007fdb01038790 code [0x00007fdb01038960, 0x00007fdb01038ef0]
Event: 0.295 Thread 0x00007fdb18245800  894   !   3       java.util.concurrent.ConcurrentHashMap::computeIfAbsent (576 bytes)
Event: 0.297 Thread 0x00007fdb18245800 nmethod 894 0x00007fdb01039090 code [0x00007fdb01039500, 0x00007fdb0103c408]
Event: 0.297 Thread 0x00007fdb18245800  893       3       java.lang.ref.Reference::clear (6 bytes)
Event: 0.297 Thread 0x00007fdb18245800 nmethod 893 0x00007fdb0103d590 code [0x00007fdb0103d740, 0x00007fdb0103d8f0]
Event: 0.303 Thread 0x00007fdb18243800 nmethod 824 0x00007fdb0846fe90 code [0x00007fdb084700a0, 0x00007fdb084711a8]
Event: 0.303 Thread 0x00007fdb18243800  878       4       java.util.HashMap::getNode (148 bytes)

GC Heap History (0 events):
No events

Deoptimization events (10 events):
Event: 0.285 Thread 0x00007fdb183c6800 DEOPT PACKING pc=0x00007fdb0844bab8 sp=0x00007fdae2ce8280
Event: 0.285 Thread 0x00007fdb183c6800 DEOPT UNPACKING pc=0x00007fdb0097eaa5 sp=0x00007fdae2ce8230 mode 2
Event: 0.285 Thread 0x00007fdb183c6800 Uncommon trap: trap_request=0xffffffde fr.pc=0x00007fdb0844bab8 relative=0x00000000000004d8
Event: 0.285 Thread 0x00007fdb183c6800 Uncommon trap: reason=class_check action=maybe_recompile pc=0x00007fdb0844bab8 method=java.util.HashMap.getNode(ILjava/lang/Object;)Ljava/util/HashMap$Node; @ 126 c2
Event: 0.285 Thread 0x00007fdb183c6800 DEOPT PACKING pc=0x00007fdb0844bab8 sp=0x00007fdae2ce8280
Event: 0.285 Thread 0x00007fdb183c6800 DEOPT UNPACKING pc=0x00007fdb0097eaa5 sp=0x00007fdae2ce8230 mode 2
Event: 0.285 Thread 0x00007fdb183c6800 Uncommon trap: trap_request=0xffffffde fr.pc=0x00007fdb0844bab8 relative=0x00000000000004d8
Event: 0.285 Thread 0x00007fdb183c6800 Uncommon trap: reason=class_check action=maybe_recompile pc=0x00007fdb0844bab8 method=java.util.HashMap.getNode(ILjava/lang/Object;)Ljava/util/HashMap$Node; @ 126 c2
Event: 0.285 Thread 0x00007fdb183c6800 DEOPT PACKING pc=0x00007fdb0844bab8 sp=0x00007fdae2ce8280
Event: 0.285 Thread 0x00007fdb183c6800 DEOPT UNPACKING pc=0x00007fdb0097eaa5 sp=0x00007fdae2ce8230 mode 2

Classes redefined (0 events):
No events

Internal exceptions (10 events):
Event: 0.152 Thread 0x00007fdb18015800 Exception <a 'java/lang/IncompatibleClassChangeError'{0x000000071630cce0}: Found class java.lang.Object, but interface was expected> (0x000000071630cce0) thrown at [/build/openjdk-lts-7bqZff/openjdk-lts-11.0.4+11/src/hotspot/share/interpreter/linkResolver
Event: 0.153 Thread 0x00007fdb18015800 Exception <a 'java/lang/NoSuchMethodError'{0x000000071630f9c0}: 'void java.lang.invoke.DirectMethodHandle$Holder.invokeStatic(java.lang.Object, java.lang.Object, java.lang.Object, java.lang.Object)'> (0x000000071630f9c0) thrown at [/build/openjdk-lts-7bqZ
Event: 0.173 Thread 0x00007fdb18347800 Exception <a 'java/lang/ClassNotFoundException'{0x000000071627e1f8}: jdk/net/ExtendedSocketOptions> (0x000000071627e1f8) thrown at [/build/openjdk-lts-7bqZff/openjdk-lts-11.0.4+11/src/hotspot/share/classfile/systemDictionary.cpp, line 231]
Event: 0.207 Thread 0x00007fdb18015800 Exception <a 'java/lang/NoSuchMethodError'{0x000000071608e4e0}: 'java.lang.Object java.lang.invoke.DirectMethodHandle$Holder.invokeStatic(java.lang.Object, java.lang.Object, java.lang.Object, java.lang.Object, java.lang.Object, java.lang.Object, java.lang
Event: 0.209 Thread 0x00007fdb18015800 Exception <a 'java/lang/NoSuchMethodError'{0x00000007160a9858}: 'java.lang.Object java.lang.invoke.DirectMethodHandle$Holder.invokeStatic(java.lang.Object, java.lang.Object, java.lang.Object, java.lang.Object, java.lang.Object, java.lang.Object, java.lang
Event: 0.212 Thread 0x00007fdb18015800 Exception <a 'java/lang/NoSuchMethodError'{0x00000007160c4c40}: 'java.lang.Object java.lang.invoke.DirectMethodHandle$Holder.invokeStatic(java.lang.Object, java.lang.Object, java.lang.Object, java.lang.Object, java.lang.Object, java.lang.Object, java.lang
Event: 0.272 Thread 0x00007fdb183c6800 Exception <a 'java/lang/NoSuchMethodError'{0x0000000715cae5a8}: 'java.lang.Object java.lang.invoke.DirectMethodHandle$Holder.invokeStatic(java.lang.Object, java.lang.Object, java.lang.Object, java.lang.Object, java.lang.Object, java.lang.Object, java.lang
Event: 0.273 Thread 0x00007fdb183c6800 Exception <a 'java/lang/NoSuchMethodError'{0x0000000715ccc4a8}: 'java.lang.Object java.lang.invoke.DirectMethodHandle$Holder.invokeStatic(java.lang.Object, java.lang.Object, java.lang.Object, java.lang.Object, java.lang.Object, java.lang.Object, java.lang
Event: 0.274 Thread 0x00007fdb183c6800 Exception <a 'java/lang/NoSuchMethodError'{0x0000000715ceb238}: 'java.lang.Object java.lang.invoke.DirectMethodHandle$Holder.invokeStatic(java.lang.Object, java.lang.Object, java.lang.Object, java.lang.Object, java.lang.Object, java.lang.Object, java.lang
Event: 0.276 Thread 0x00007fdb183c6800 Exception <a 'java/lang/NoSuchMethodError'{0x0000000715b0bd38}: 'java.lang.Object java.lang.invoke.DirectMethodHandle$Holder.invokeStatic(java.lang.Object, java.lang.Object, java.lang.Object, java.lang.Object, java.lang.Object, java.lang.Object, java.lang

Events (10 events):
Event: 0.286 loading class java/security/MessageDigest$Delegate
Event: 0.286 loading class sun/security/util/MessageDigestSpi2
Event: 0.286 loading class sun/security/util/MessageDigestSpi2 done
Event: 0.286 loading class java/security/MessageDigest$Delegate done
Event: 0.286 loading class sun/security/provider/ByteArrayAccess
Event: 0.286 loading class sun/security/provider/ByteArrayAccess done
Event: 0.291 loading class jdk/internal/util/ArraysSupport
Event: 0.291 loading class jdk/internal/util/ArraysSupport done
Event: 0.293 Executing VM operation: RevokeBias
Event: 0.293 Executing VM operation: RevokeBias done


Dynamic libraries:
4173a000-417e8000 rw-p 00000000 00:00 0 
707400000-716e00000 rw-p 00000000 00:00 0 
716e00000-7bfe00000 ---p 00000000 00:00 0 
7bfe00000-7bfe34000 rw-p 01116000 103:02 22156359                        /usr/lib/jvm/java-11-openjdk-amd64/lib/server/classes.jsa
7bfe34000-7bff00000 rw-p 00000000 00:00 0 
7bff00000-7bff6a000 rw-p 010ac000 103:02 22156359                        /usr/lib/jvm/java-11-openjdk-amd64/lib/server/classes.jsa
7bff6a000-7c0000000 rw-p 00000000 00:00 0 
7c0000000-800000000 ---p 00000000 00:00 0 
800000000-800002000 rwxp 00001000 103:02 22156359                        /usr/lib/jvm/java-11-openjdk-amd64/lib/server/classes.jsa
800002000-8003bd000 rw-p 00003000 103:02 22156359                        /usr/lib/jvm/java-11-openjdk-amd64/lib/server/classes.jsa
8003bd000-800a98000 r--p 003be000 103:02 22156359                        /usr/lib/jvm/java-11-openjdk-amd64/lib/server/classes.jsa
800a98000-800a99000 rw-p 00a99000 103:02 22156359                        /usr/lib/jvm/java-11-openjdk-amd64/lib/server/classes.jsa
800a99000-8010ab000 r--p 00a9a000 103:02 22156359                        /usr/lib/jvm/java-11-openjdk-amd64/lib/server/classes.jsa
840000000-8400c0000 rw-p 00000000 00:00 0 
8400c0000-880000000 ---p 00000000 00:00 0 
5604276ca000-5604276cb000 r-xp 00000000 103:02 22156299                  /usr/lib/jvm/java-11-openjdk-amd64/bin/java
5604278cb000-5604278cc000 r--p 00001000 103:02 22156299                  /usr/lib/jvm/java-11-openjdk-amd64/bin/java
5604278cc000-5604278cd000 rw-p 00002000 103:02 22156299                  /usr/lib/jvm/java-11-openjdk-amd64/bin/java
560428416000-560428437000 rw-p 00000000 00:00 0                          [heap]
7fdaa6446000-7fdaa75dd000 r-xp 00000000 103:02 22153356                  /usr/lib/x86_64-linux-gnu/libnvidia-glcore.so.410.48
7fdaa75dd000-7fdaa75fe000 rwxp 01197000 103:02 22153356                  /usr/lib/x86_64-linux-gnu/libnvidia-glcore.so.410.48
7fdaa75fe000-7fdaa7acf000 r-xp 011b8000 103:02 22153356                  /usr/lib/x86_64-linux-gnu/libnvidia-glcore.so.410.48
7fdaa7acf000-7fdaa7ccf000 ---p 01689000 103:02 22153356                  /usr/lib/x86_64-linux-gnu/libnvidia-glcore.so.410.48
7fdaa7ccf000-7fdaa7fea000 rw-p 01689000 103:02 22153356                  /usr/lib/x86_64-linux-gnu/libnvidia-glcore.so.410.48
7fdaa7fea000-7fdaa8000000 rw-p 00000000 00:00 0 
7fdaa8000000-7fdaa8021000 rw-p 00000000 00:00 0 
7fdaa8021000-7fdaac000000 ---p 00000000 00:00 0 
7fdaac000000-7fdaac24c000 rw-p 00000000 00:00 0 
7fdaac24c000-7fdab0000000 ---p 00000000 00:00 0 
7fdab0000000-7fdab0021000 rw-p 00000000 00:00 0 
7fdab0021000-7fdab4000000 ---p 00000000 00:00 0 
7fdab4000000-7fdab4021000 rw-p 00000000 00:00 0 
7fdab4021000-7fdab8000000 ---p 00000000 00:00 0 
7fdab8000000-7fdab8021000 rw-p 00000000 00:00 0 
7fdab8021000-7fdabc000000 ---p 00000000 00:00 0 
7fdabc000000-7fdabc5ef000 rw-p 00000000 00:00 0 
7fdabc5ef000-7fdac0000000 ---p 00000000 00:00 0 
7fdac0000000-7fdac0268000 rw-p 00000000 00:00 0 
7fdac0268000-7fdac4000000 ---p 00000000 00:00 0 
7fdac4000000-7fdac4021000 rw-p 00000000 00:00 0 
7fdac4021000-7fdac8000000 ---p 00000000 00:00 0 
7fdac8000000-7fdac8021000 rw-p 00000000 00:00 0 
7fdac8021000-7fdacc000000 ---p 00000000 00:00 0 
7fdacc000000-7fdacc403000 rw-p 00000000 00:00 0 
7fdacc403000-7fdad0000000 ---p 00000000 00:00 0 
7fdad0000000-7fdad0021000 rw-p 00000000 00:00 0 
7fdad0021000-7fdad4000000 ---p 00000000 00:00 0 
7fdad4000000-7fdad4021000 rw-p 00000000 00:00 0 
7fdad4021000-7fdad8000000 ---p 00000000 00:00 0 
7fdad8000000-7fdad8021000 rw-p 00000000 00:00 0 
7fdad8021000-7fdadc000000 ---p 00000000 00:00 0 
7fdadc000000-7fdadc021000 rw-p 00000000 00:00 0 
7fdadc021000-7fdae0000000 ---p 00000000 00:00 0 
7fdae0af1000-7fdae0c82000 rw-p 00000000 00:00 0 
7fdae0c82000-7fdae0c92000 r-xp 00000000 103:02 22155399                  /usr/lib/x86_64-linux-gnu/libdrm.so.2.4.0
7fdae0c92000-7fdae0e91000 ---p 00010000 103:02 22155399                  /usr/lib/x86_64-linux-gnu/libdrm.so.2.4.0
7fdae0e91000-7fdae0e92000 r--p 0000f000 103:02 22155399                  /usr/lib/x86_64-linux-gnu/libdrm.so.2.4.0
7fdae0e92000-7fdae0e93000 rw-p 00010000 103:02 22155399                  /usr/lib/x86_64-linux-gnu/libdrm.so.2.4.0
7fdae0e93000-7fdae0f98000 rw-s 00000000 00:06 527                        /dev/nvidiactl
7fdae0f98000-7fdae0fa9000 r-xp 00000000 103:02 22158311                  /usr/lib/x86_64-linux-gnu/libXext.so.6.4.0
7fdae0fa9000-7fdae11a8000 ---p 00011000 103:02 22158311                  /usr/lib/x86_64-linux-gnu/libXext.so.6.4.0
7fdae11a8000-7fdae11a9000 r--p 00010000 103:02 22158311                  /usr/lib/x86_64-linux-gnu/libXext.so.6.4.0
7fdae11a9000-7fdae11aa000 rw-p 00011000 103:02 22158311                  /usr/lib/x86_64-linux-gnu/libXext.so.6.4.0
7fdae11aa000-7fdae11ad000 r-xp 00000000 103:02 22418975                  /usr/lib/x86_64-linux-gnu/tls/libnvidia-tls.so.410.48
7fdae11ad000-7fdae13ad000 ---p 00003000 103:02 22418975                  /usr/lib/x86_64-linux-gnu/tls/libnvidia-tls.so.410.48
7fdae13ad000-7fdae13ae000 rw-p 00003000 103:02 22418975                  /usr/lib/x86_64-linux-gnu/tls/libnvidia-tls.so.410.48
7fdae13ae000-7fdae1477000 r-xp 00000000 103:02 22153352                  /usr/lib/x86_64-linux-gnu/libGLX_nvidia.so.410.48
7fdae1477000-7fdae14ac000 rwxp 000c9000 103:02 22153352                  /usr/lib/x86_64-linux-gnu/libGLX_nvidia.so.410.48
7fdae14ac000-7fdae14c0000 r-xp 000fe000 103:02 22153352                  /usr/lib/x86_64-linux-gnu/libGLX_nvidia.so.410.48
7fdae14c0000-7fdae16bf000 ---p 00112000 103:02 22153352                  /usr/lib/x86_64-linux-gnu/libGLX_nvidia.so.410.48
7fdae16bf000-7fdae16e4000 rw-p 00111000 103:02 22153352                  /usr/lib/x86_64-linux-gnu/libGLX_nvidia.so.410.48
7fdae16e4000-7fdae16ec000 rw-p 00000000 00:00 0 
7fdae16ec000-7fdae16ff000 r-xp 00000000 103:02 1315416                   /lib/x86_64-linux-gnu/libbsd.so.0.8.7
7fdae16ff000-7fdae18fe000 ---p 00013000 103:02 1315416                   /lib/x86_64-linux-gnu/libbsd.so.0.8.7
7fdae18fe000-7fdae18ff000 r--p 00012000 103:02 1315416                   /lib/x86_64-linux-gnu/libbsd.so.0.8.7
7fdae18ff000-7fdae1900000 rw-p 00013000 103:02 1315416                   /lib/x86_64-linux-gnu/libbsd.so.0.8.7
7fdae1900000-7fdae1901000 rw-p 00000000 00:00 0 
7fdae1901000-7fdae1906000 r-xp 00000000 103:02 22158309                  /usr/lib/x86_64-linux-gnu/libXdmcp.so.6.0.0
7fdae1906000-7fdae1b05000 ---p 00005000 103:02 22158309                  /usr/lib/x86_64-linux-gnu/libXdmcp.so.6.0.0
7fdae1b05000-7fdae1b06000 r--p 00004000 103:02 22158309                  /usr/lib/x86_64-linux-gnu/libXdmcp.so.6.0.0
7fdae1b06000-7fdae1b07000 rw-p 00005000 103:02 22158309                  /usr/lib/x86_64-linux-gnu/libXdmcp.so.6.0.0
7fdae1b07000-7fdae1b09000 r-xp 00000000 103:02 22158298                  /usr/lib/x86_64-linux-gnu/libXau.so.6.0.0
7fdae1b09000-7fdae1d09000 ---p 00002000 103:02 22158298                  /usr/lib/x86_64-linux-gnu/libXau.so.6.0.0
7fdae1d09000-7fdae1d0a000 r--p 00002000 103:02 22158298                  /usr/lib/x86_64-linux-gnu/libXau.so.6.0.0
7fdae1d0a000-7fdae1d0b000 rw-p 00003000 103:02 22158298                  /usr/lib/x86_64-linux-gnu/libXau.so.6.0.0
7fdae1d0b000-7fdae1d4d000 r-xp 00000000 103:02 22153234                  /usr/lib/x86_64-linux-gnu/libGLdispatch.so.0.0.0
7fdae1d4d000-7fdae1d66000 r-xp 00042000 103:02 22153234                  /usr/lib/x86_64-linux-gnu/libGLdispatch.so.0.0.0
7fdae1d66000-7fdae1d79000 r-xp 0005b000 103:02 22153234                  /usr/lib/x86_64-linux-gnu/libGLdispatch.so.0.0.0
7fdae1d79000-7fdae1f78000 ---p 0006e000 103:02 22153234                  /usr/lib/x86_64-linux-gnu/libGLdispatch.so.0.0.0
7fdae1f78000-7fdae1fa0000 r--p 0006d000 103:02 22153234                  /usr/lib/x86_64-linux-gnu/libGLdispatch.so.0.0.0
7fdae1fa0000-7fdae1fa1000 rw-p 00095000 103:02 22153234                  /usr/lib/x86_64-linux-gnu/libGLdispatch.so.0.0.0
7fdae1fa1000-7fdae1fc1000 rw-p 00000000 00:00 0 
7fdae1fc1000-7fdae1fd1000 r-xp 00000000 103:02 22153239                  /usr/lib/x86_64-linux-gnu/libGLX.so.0.0.0
7fdae1fd1000-7fdae21d0000 ---p 00010000 103:02 22153239                  /usr/lib/x86_64-linux-gnu/libGLX.so.0.0.0
7fdae21d0000-7fdae21d1000 r--p 0000f000 103:02 22153239                  /usr/lib/x86_64-linux-gnu/libGLX.so.0.0.0
7fdae21d1000-7fdae21d2000 rw-p 00010000 103:02 22153239                  /usr/lib/x86_64-linux-gnu/libGLX.so.0.0.0
7fdae21d2000-7fdae21f2000 rw-p 00000000 00:00 0 
7fdae21f2000-7fdae2218000 r-xp 00000000 103:02 22153211                  /usr/lib/x86_64-linux-gnu/libxcb.so.1.1.0
7fdae2218000-7fdae2418000 ---p 00026000 103:02 22153211                  /usr/lib/x86_64-linux-gnu/libxcb.so.1.1.0
7fdae2418000-7fdae2419000 r--p 00026000 103:02 22153211                  /usr/lib/x86_64-linux-gnu/libxcb.so.1.1.0
7fdae2419000-7fdae241a000 rw-p 00027000 103:02 22153211                  /usr/lib/x86_64-linux-gnu/libxcb.so.1.1.0
7fdae241a000-7fdae245e000 r-xp 00000000 103:02 22153236                  /usr/lib/x86_64-linux-gnu/libGL.so.1.0.0
7fdae245e000-7fdae2477000 r-xp 00044000 103:02 22153236                  /usr/lib/x86_64-linux-gnu/libGL.so.1.0.0
7fdae2477000-7fdae248b000 r-xp 0005d000 103:02 22153236                  /usr/lib/x86_64-linux-gnu/libGL.so.1.0.0
7fdae248b000-7fdae268a000 ---p 00071000 103:02 22153236                  /usr/lib/x86_64-linux-gnu/libGL.so.1.0.0
7fdae268a000-7fdae26a4000 r--p 00070000 103:02 22153236                  /usr/lib/x86_64-linux-gnu/libGL.so.1.0.0
7fdae26a4000-7fdae26a5000 rw-p 0008a000 103:02 22153236                  /usr/lib/x86_64-linux-gnu/libGL.so.1.0.0
7fdae26a5000-7fdae26a6000 rw-p 00000000 00:00 0 
7fdae26a6000-7fdae27d9000 r-xp 00000000 103:02 22152275                  /usr/lib/x86_64-linux-gnu/libX11.so.6.3.0
7fdae27d9000-7fdae29d9000 ---p 00133000 103:02 22152275                  /usr/lib/x86_64-linux-gnu/libX11.so.6.3.0
7fdae29d9000-7fdae29da000 r--p 00133000 103:02 22152275                  /usr/lib/x86_64-linux-gnu/libX11.so.6.3.0
7fdae29da000-7fdae29de000 rw-p 00134000 103:02 22152275                  /usr/lib/x86_64-linux-gnu/libX11.so.6.3.0
7fdae29de000-7fdae29ea000 r-xp 00000000 00:33 566496368                  /home/cosc/student/mjf145/.openjfx/cache/11.0.2/libprism_es2.so
7fdae29ea000-7fdae2be9000 ---p 0000c000 00:33 566496368                  /home/cosc/student/mjf145/.openjfx/cache/11.0.2/libprism_es2.so
7fdae2be9000-7fdae2bea000 r--p 0000b000 00:33 566496368                  /home/cosc/student/mjf145/.openjfx/cache/11.0.2/libprism_es2.so
7fdae2bea000-7fdae2beb000 rw-p 0000c000 00:33 566496368                  /home/cosc/student/mjf145/.openjfx/cache/11.0.2/libprism_es2.so
7fdae2beb000-7fdae2bef000 ---p 00000000 00:00 0 
7fdae2bef000-7fdae2cec000 rw-p 00000000 00:00 0 
7fdae2cec000-7fdae2ced000 ---p 00000000 00:00 0 
7fdae2ced000-7fdae2dee000 rw-p 00000000 00:00 0 
7fdae2dee000-7fdae2df2000 ---p 00000000 00:00 0 
7fdae2df2000-7fdae2eef000 rw-p 00000000 00:00 0 
7fdae2eef000-7fdae2ef3000 ---p 00000000 00:00 0 
7fdae2ef3000-7fdae2ff0000 rw-p 00000000 00:00 0 
7fdae2ff0000-7fdae2ff4000 ---p 00000000 00:00 0 
7fdae2ff4000-7fdae30f1000 rw-p 00000000 00:00 0 
7fdae30f1000-7fdae30f5000 ---p 00000000 00:00 0 
7fdae30f5000-7fdae31f2000 rw-p 00000000 00:00 0 
7fdae31f2000-7fdae3208000 r-xp 00000000 103:02 22159402                  /usr/lib/jvm/java-11-openjdk-amd64/lib/libnet.so
7fdae3208000-7fdae3407000 ---p 00016000 103:02 22159402                  /usr/lib/jvm/java-11-openjdk-amd64/lib/libnet.so
7fdae3407000-7fdae3408000 r--p 00015000 103:02 22159402                  /usr/lib/jvm/java-11-openjdk-amd64/lib/libnet.so
7fdae3408000-7fdae3409000 rw-p 00016000 103:02 22159402                  /usr/lib/jvm/java-11-openjdk-amd64/lib/libnet.so
7fdae3409000-7fdae3419000 r-xp 00000000 103:02 22159403                  /usr/lib/jvm/java-11-openjdk-amd64/lib/libnio.so
7fdae3419000-7fdae3618000 ---p 00010000 103:02 22159403                  /usr/lib/jvm/java-11-openjdk-amd64/lib/libnio.so
7fdae3618000-7fdae3619000 r--p 0000f000 103:02 22159403                  /usr/lib/jvm/java-11-openjdk-amd64/lib/libnio.so
7fdae3619000-7fdae361a000 rw-p 00010000 103:02 22159403                  /usr/lib/jvm/java-11-openjdk-amd64/lib/libnio.so
7fdae361a000-7fdae361e000 ---p 00000000 00:00 0 
7fdae361e000-7fdae371b000 rw-p 00000000 00:00 0 
7fdae371b000-7fdae371f000 ---p 00000000 00:00 0 
7fdae371f000-7fdae381c000 rw-p 00000000 00:00 0 
7fdae381c000-7fdae3820000 ---p 00000000 00:00 0 
7fdae3820000-7fdae391d000 rw-p 00000000 00:00 0 
7fdae391d000-7fdae3921000 ---p 00000000 00:00 0 
7fdae3921000-7fdae3a1e000 rw-p 00000000 00:00 0 
7fdae3a1e000-7fdae3cfc000 r--p 00000000 103:02 22157191                  /usr/lib/locale/locale-archive
7fdae3cfc000-7fdae3d00000 ---p 00000000 00:00 0 
7fdae3d00000-7fdae3dfd000 rw-p 00000000 00:00 0 
7fdae3dfd000-7fdae3e01000 ---p 00000000 00:00 0 
7fdae3e01000-7fdae3efe000 rw-p 00000000 00:00 0 
7fdae3efe000-7fdae3eff000 ---p 00000000 00:00 0 
7fdae3eff000-7fdae4000000 rw-p 00000000 00:00 0 
7fdae4000000-7fdae4021000 rw-p 00000000 00:00 0 
7fdae4021000-7fdae8000000 ---p 00000000 00:00 0 
7fdae8000000-7fdae8021000 rw-p 00000000 00:00 0 
7fdae8021000-7fdaec000000 ---p 00000000 00:00 0 
7fdaec000000-7fdaec021000 rw-p 00000000 00:00 0 
7fdaec021000-7fdaf0000000 ---p 00000000 00:00 0 
7fdaf0004000-7fdaf0544000 rw-p 00000000 00:00 0 
7fdaf0544000-7fdaf0804000 ---p 00000000 00:00 0 
7fdaf0804000-7fdaf0805000 ---p 00000000 00:00 0 
7fdaf0805000-7fdaf0906000 rw-p 00000000 00:00 0 
7fdaf0906000-7fdaf0907000 ---p 00000000 00:00 0 
7fdaf0907000-7fdaf3210000 rw-p 00000000 00:00 0 
7fdaf3210000-7fdaf3211000 ---p 00000000 00:00 0 
7fdaf3211000-7fdaf3312000 rw-p 00000000 00:00 0 
7fdaf3312000-7fdaf3313000 ---p 00000000 00:00 0 
7fdaf3313000-7fdaf37fc000 rw-p 00000000 00:00 0 
7fdaf37fc000-7fdaf623c000 ---p 00000000 00:00 0 
7fdaf623c000-7fdaf6244000 rw-p 00000000 00:00 0 
7fdaf6244000-7fdaf7244000 ---p 00000000 00:00 0 
7fdaf7244000-7fdaf762c000 rw-p 00000000 00:00 0 
7fdaf762c000-7fdafa06c000 ---p 00000000 00:00 0 
7fdafa06c000-7fdafa074000 rw-p 00000000 00:00 0 
7fdafa074000-7fdafb074000 ---p 00000000 00:00 0 
7fdafb074000-7fdafb0f1000 rw-p 00000000 00:00 0 
7fdafb0f1000-7fdafb639000 ---p 00000000 00:00 0 
7fdafb639000-7fdafb63a000 rw-p 00000000 00:00 0 
7fdafb63a000-7fdafb83a000 ---p 00000000 00:00 0 
7fdafb83a000-7fdafb8b7000 rw-p 00000000 00:00 0 
7fdafb8b7000-7fdafbdff000 ---p 00000000 00:00 0 
7fdafbdff000-7fdafbe00000 rw-p 00000000 00:00 0 
7fdafbe00000-7fdafc000000 ---p 00000000 00:00 0 
7fdafc000000-7fdafc021000 rw-p 00000000 00:00 0 
7fdafc021000-7fdb00000000 ---p 00000000 00:00 0 
7fdb0008f000-7fdb0020d000 rw-p 00000000 00:00 0 
7fdb0020d000-7fdb00755000 ---p 00000000 00:00 0 
7fdb00755000-7fdb00756000 rw-p 00000000 00:00 0 
7fdb00756000-7fdb00956000 ---p 00000000 00:00 0 
7fdb00956000-7fdb00bc6000 rwxp 00000000 00:00 0 
7fdb00bc6000-7fdb00ee7000 ---p 00000000 00:00 0 
7fdb00ee7000-7fdb01157000 rwxp 00000000 00:00 0 
7fdb01157000-7fdb0841e000 ---p 00000000 00:00 0 
7fdb0841e000-7fdb0868e000 rwxp 00000000 00:00 0 
7fdb0868e000-7fdb0f956000 ---p 00000000 00:00 0 
7fdb0f956000-7fdb18000000 r--s 00000000 103:02 22159455                  /usr/lib/jvm/java-11-openjdk-amd64/lib/modules
7fdb18000000-7fdb183ca000 rw-p 00000000 00:00 0 
7fdb183ca000-7fdb1c000000 ---p 00000000 00:00 0 
7fdb1c038000-7fdb1c8c1000 rw-p 00000000 00:00 0 
7fdb1c8c1000-7fdb1c8c2000 ---p 00000000 00:00 0 
7fdb1c8c2000-7fdb1c9c8000 rw-p 00000000 00:00 0 
7fdb1c9c8000-7fdb1caae000 ---p 00000000 00:00 0 
7fdb1caae000-7fdb1cab3000 rw-p 00000000 00:00 0 
7fdb1cab3000-7fdb1cb99000 ---p 00000000 00:00 0 
7fdb1cb99000-7fdb1cb9e000 r-xp 00000000 103:02 22159371                  /usr/lib/jvm/java-11-openjdk-amd64/lib/libjimage.so
7fdb1cb9e000-7fdb1cd9d000 ---p 00005000 103:02 22159371                  /usr/lib/jvm/java-11-openjdk-amd64/lib/libjimage.so
7fdb1cd9d000-7fdb1cd9e000 r--p 00004000 103:02 22159371                  /usr/lib/jvm/java-11-openjdk-amd64/lib/libjimage.so
7fdb1cd9e000-7fdb1cd9f000 rw-p 00005000 103:02 22159371                  /usr/lib/jvm/java-11-openjdk-amd64/lib/libjimage.so
7fdb1cd9f000-7fdb1cda6000 r-xp 00000000 103:02 22159454                  /usr/lib/jvm/java-11-openjdk-amd64/lib/libzip.so
7fdb1cda6000-7fdb1cfa5000 ---p 00007000 103:02 22159454                  /usr/lib/jvm/java-11-openjdk-amd64/lib/libzip.so
7fdb1cfa5000-7fdb1cfa6000 r--p 00006000 103:02 22159454                  /usr/lib/jvm/java-11-openjdk-amd64/lib/libzip.so
7fdb1cfa6000-7fdb1cfa7000 rw-p 00007000 103:02 22159454                  /usr/lib/jvm/java-11-openjdk-amd64/lib/libzip.so
7fdb1cfa7000-7fdb1d7ac000 r--s 00000000 103:02 27132916                  /var/lib/sss/mc/passwd
7fdb1d7ac000-7fdb1d7b4000 r-xp 00000000 103:02 1315327                   /lib/x86_64-linux-gnu/libnss_sss.so.2
7fdb1d7b4000-7fdb1d9b3000 ---p 00008000 103:02 1315327                   /lib/x86_64-linux-gnu/libnss_sss.so.2
7fdb1d9b3000-7fdb1d9b4000 r--p 00007000 103:02 1315327                   /lib/x86_64-linux-gnu/libnss_sss.so.2
7fdb1d9b4000-7fdb1d9b5000 rw-p 00008000 103:02 1315327                   /lib/x86_64-linux-gnu/libnss_sss.so.2
7fdb1d9b5000-7fdb1d9f1000 r-xp 00000000 103:02 1315350                   /lib/x86_64-linux-gnu/libnss_systemd.so.2
7fdb1d9f1000-7fdb1dbf0000 ---p 0003c000 103:02 1315350                   /lib/x86_64-linux-gnu/libnss_systemd.so.2
7fdb1dbf0000-7fdb1dbf3000 r--p 0003b000 103:02 1315350                   /lib/x86_64-linux-gnu/libnss_systemd.so.2
7fdb1dbf3000-7fdb1dbf4000 rw-p 0003e000 103:02 1315350                   /lib/x86_64-linux-gnu/libnss_systemd.so.2
7fdb1dbf4000-7fdb1dbff000 r-xp 00000000 103:02 1315510                   /lib/x86_64-linux-gnu/libnss_files-2.27.so
7fdb1dbff000-7fdb1ddfe000 ---p 0000b000 103:02 1315510                   /lib/x86_64-linux-gnu/libnss_files-2.27.so
7fdb1ddfe000-7fdb1ddff000 r--p 0000a000 103:02 1315510                   /lib/x86_64-linux-gnu/libnss_files-2.27.so
7fdb1ddff000-7fdb1de00000 rw-p 0000b000 103:02 1315510                   /lib/x86_64-linux-gnu/libnss_files-2.27.so
7fdb1de00000-7fdb1de06000 rw-p 00000000 00:00 0 
7fdb1de06000-7fdb1de1d000 r-xp 00000000 103:02 1315504                   /lib/x86_64-linux-gnu/libnsl-2.27.so
7fdb1de1d000-7fdb1e01c000 ---p 00017000 103:02 1315504                   /lib/x86_64-linux-gnu/libnsl-2.27.so
7fdb1e01c000-7fdb1e01d000 r--p 00016000 103:02 1315504                   /lib/x86_64-linux-gnu/libnsl-2.27.so
7fdb1e01d000-7fdb1e01e000 rw-p 00017000 103:02 1315504                   /lib/x86_64-linux-gnu/libnsl-2.27.so
7fdb1e01e000-7fdb1e020000 rw-p 00000000 00:00 0 
7fdb1e020000-7fdb1e02b000 r-xp 00000000 103:02 1315521                   /lib/x86_64-linux-gnu/libnss_nis-2.27.so
7fdb1e02b000-7fdb1e22a000 ---p 0000b000 103:02 1315521                   /lib/x86_64-linux-gnu/libnss_nis-2.27.so
7fdb1e22a000-7fdb1e22b000 r--p 0000a000 103:02 1315521                   /lib/x86_64-linux-gnu/libnss_nis-2.27.so
7fdb1e22b000-7fdb1e22c000 rw-p 0000b000 103:02 1315521                   /lib/x86_64-linux-gnu/libnss_nis-2.27.so
7fdb1e22c000-7fdb1e234000 r-xp 00000000 103:02 1315506                   /lib/x86_64-linux-gnu/libnss_compat-2.27.so
7fdb1e234000-7fdb1e434000 ---p 00008000 103:02 1315506                   /lib/x86_64-linux-gnu/libnss_compat-2.27.so
7fdb1e434000-7fdb1e435000 r--p 00008000 103:02 1315506                   /lib/x86_64-linux-gnu/libnss_compat-2.27.so
7fdb1e435000-7fdb1e436000 rw-p 00009000 103:02 1315506                   /lib/x86_64-linux-gnu/libnss_compat-2.27.so
7fdb1e436000-7fdb1e440000 r-xp 00000000 103:02 22156645                  /usr/lib/jvm/java-11-openjdk-amd64/lib/libinstrument.so
7fdb1e440000-7fdb1e63f000 ---p 0000a000 103:02 22156645                  /usr/lib/jvm/java-11-openjdk-amd64/lib/libinstrument.so
7fdb1e63f000-7fdb1e640000 r--p 00009000 103:02 22156645                  /usr/lib/jvm/java-11-openjdk-amd64/lib/libinstrument.so
7fdb1e640000-7fdb1e641000 rw-p 0000a000 103:02 22156645                  /usr/lib/jvm/java-11-openjdk-amd64/lib/libinstrument.so
7fdb1e641000-7fdb1e66a000 r-xp 00000000 103:02 22159367                  /usr/lib/jvm/java-11-openjdk-amd64/lib/libjava.so
7fdb1e66a000-7fdb1e869000 ---p 00029000 103:02 22159367                  /usr/lib/jvm/java-11-openjdk-amd64/lib/libjava.so
7fdb1e869000-7fdb1e86a000 r--p 00028000 103:02 22159367                  /usr/lib/jvm/java-11-openjdk-amd64/lib/libjava.so
7fdb1e86a000-7fdb1e86c000 rw-p 00029000 103:02 22159367                  /usr/lib/jvm/java-11-openjdk-amd64/lib/libjava.so
7fdb1e86c000-7fdb1e879000 r-xp 00000000 103:02 22159453                  /usr/lib/jvm/java-11-openjdk-amd64/lib/libverify.so
7fdb1e879000-7fdb1ea78000 ---p 0000d000 103:02 22159453                  /usr/lib/jvm/java-11-openjdk-amd64/lib/libverify.so
7fdb1ea78000-7fdb1ea7a000 r--p 0000c000 103:02 22159453                  /usr/lib/jvm/java-11-openjdk-amd64/lib/libverify.so
7fdb1ea7a000-7fdb1ea7b000 rw-p 0000e000 103:02 22159453                  /usr/lib/jvm/java-11-openjdk-amd64/lib/libverify.so
7fdb1ea7b000-7fdb1ea82000 r-xp 00000000 103:02 1315561                   /lib/x86_64-linux-gnu/librt-2.27.so
7fdb1ea82000-7fdb1ec81000 ---p 00007000 103:02 1315561                   /lib/x86_64-linux-gnu/librt-2.27.so
7fdb1ec81000-7fdb1ec82000 r--p 00006000 103:02 1315561                   /lib/x86_64-linux-gnu/librt-2.27.so
7fdb1ec82000-7fdb1ec83000 rw-p 00007000 103:02 1315561                   /lib/x86_64-linux-gnu/librt-2.27.so
7fdb1ec83000-7fdb1ec9a000 r-xp 00000000 103:02 1315435                   /lib/x86_64-linux-gnu/libgcc_s.so.1
7fdb1ec9a000-7fdb1ee99000 ---p 00017000 103:02 1315435                   /lib/x86_64-linux-gnu/libgcc_s.so.1
7fdb1ee99000-7fdb1ee9a000 r--p 00016000 103:02 1315435                   /lib/x86_64-linux-gnu/libgcc_s.so.1
7fdb1ee9a000-7fdb1ee9b000 rw-p 00017000 103:02 1315435                   /lib/x86_64-linux-gnu/libgcc_s.so.1
7fdb1ee9b000-7fdb1f038000 r-xp 00000000 103:02 1315483                   /lib/x86_64-linux-gnu/libm-2.27.so
7fdb1f038000-7fdb1f237000 ---p 0019d000 103:02 1315483                   /lib/x86_64-linux-gnu/libm-2.27.so
7fdb1f237000-7fdb1f238000 r--p 0019c000 103:02 1315483                   /lib/x86_64-linux-gnu/libm-2.27.so
7fdb1f238000-7fdb1f239000 rw-p 0019d000 103:02 1315483                   /lib/x86_64-linux-gnu/libm-2.27.so
7fdb1f239000-7fdb1f3b2000 r-xp 00000000 103:02 22152671                  /usr/lib/x86_64-linux-gnu/libstdc++.so.6.0.25
7fdb1f3b2000-7fdb1f5b2000 ---p 00179000 103:02 22152671                  /usr/lib/x86_64-linux-gnu/libstdc++.so.6.0.25
7fdb1f5b2000-7fdb1f5bc000 r--p 00179000 103:02 22152671                  /usr/lib/x86_64-linux-gnu/libstdc++.so.6.0.25
7fdb1f5bc000-7fdb1f5be000 rw-p 00183000 103:02 22152671                  /usr/lib/x86_64-linux-gnu/libstdc++.so.6.0.25
7fdb1f5be000-7fdb1f5c2000 rw-p 00000000 00:00 0 
7fdb1f5c2000-7fdb2068e000 r-xp 00000000 103:02 22159489                  /usr/lib/jvm/java-11-openjdk-amd64/lib/server/libjvm.so
7fdb2068e000-7fdb2088d000 ---p 010cc000 103:02 22159489                  /usr/lib/jvm/java-11-openjdk-amd64/lib/server/libjvm.so
7fdb2088d000-7fdb2094a000 r--p 010cb000 103:02 22159489                  /usr/lib/jvm/java-11-openjdk-amd64/lib/server/libjvm.so
7fdb2094a000-7fdb20983000 rw-p 01188000 103:02 22159489                  /usr/lib/jvm/java-11-openjdk-amd64/lib/server/libjvm.so
7fdb20983000-7fdb209d9000 rw-p 00000000 00:00 0 
7fdb209d9000-7fdb209f3000 r-xp 00000000 103:02 1315553                   /lib/x86_64-linux-gnu/libpthread-2.27.so
7fdb209f3000-7fdb20bf2000 ---p 0001a000 103:02 1315553                   /lib/x86_64-linux-gnu/libpthread-2.27.so
7fdb20bf2000-7fdb20bf3000 r--p 00019000 103:02 1315553                   /lib/x86_64-linux-gnu/libpthread-2.27.so
7fdb20bf3000-7fdb20bf4000 rw-p 0001a000 103:02 1315553                   /lib/x86_64-linux-gnu/libpthread-2.27.so
7fdb20bf4000-7fdb20bf8000 rw-p 00000000 00:00 0 
7fdb20bf8000-7fdb20bfb000 r-xp 00000000 103:02 1315443                   /lib/x86_64-linux-gnu/libdl-2.27.so
7fdb20bfb000-7fdb20dfa000 ---p 00003000 103:02 1315443                   /lib/x86_64-linux-gnu/libdl-2.27.so
7fdb20dfa000-7fdb20dfb000 r--p 00002000 103:02 1315443                   /lib/x86_64-linux-gnu/libdl-2.27.so
7fdb20dfb000-7fdb20dfc000 rw-p 00003000 103:02 1315443                   /lib/x86_64-linux-gnu/libdl-2.27.so
7fdb20dfc000-7fdb20e18000 r-xp 00000000 103:02 1315594                   /lib/x86_64-linux-gnu/libz.so.1.2.11
7fdb20e18000-7fdb21017000 ---p 0001c000 103:02 1315594                   /lib/x86_64-linux-gnu/libz.so.1.2.11
7fdb21017000-7fdb21018000 r--p 0001b000 103:02 1315594                   /lib/x86_64-linux-gnu/libz.so.1.2.11
7fdb21018000-7fdb21019000 rw-p 0001c000 103:02 1315594                   /lib/x86_64-linux-gnu/libz.so.1.2.11
7fdb21019000-7fdb21200000 r-xp 00000000 103:02 1315420                   /lib/x86_64-linux-gnu/libc-2.27.so
7fdb21200000-7fdb21400000 ---p 001e7000 103:02 1315420                   /lib/x86_64-linux-gnu/libc-2.27.so
7fdb21400000-7fdb21404000 r--p 001e7000 103:02 1315420                   /lib/x86_64-linux-gnu/libc-2.27.so
7fdb21404000-7fdb21406000 rw-p 001eb000 103:02 1315420                   /lib/x86_64-linux-gnu/libc-2.27.so
7fdb21406000-7fdb2140a000 rw-p 00000000 00:00 0 
7fdb2140a000-7fdb2141a000 r-xp 00000000 103:02 22156347                  /usr/lib/jvm/java-11-openjdk-amd64/lib/jli/libjli.so
7fdb2141a000-7fdb21619000 ---p 00010000 103:02 22156347                  /usr/lib/jvm/java-11-openjdk-amd64/lib/jli/libjli.so
7fdb21619000-7fdb2161a000 r--p 0000f000 103:02 22156347                  /usr/lib/jvm/java-11-openjdk-amd64/lib/jli/libjli.so
7fdb2161a000-7fdb2161b000 rw-p 00010000 103:02 22156347                  /usr/lib/jvm/java-11-openjdk-amd64/lib/jli/libjli.so
7fdb2161b000-7fdb21642000 r-xp 00000000 103:02 1315392                   /lib/x86_64-linux-gnu/ld-2.27.so
7fdb21695000-7fdb216f0000 rw-p 00000000 00:00 0 
7fdb216f0000-7fdb216f4000 ---p 00000000 00:00 0 
7fdb216f4000-7fdb217f3000 rw-p 00000000 00:00 0 
7fdb2182a000-7fdb2182f000 rw-p 00000000 00:00 0 
7fdb2182f000-7fdb21836000 ---p 00000000 00:00 0 
7fdb21836000-7fdb2183e000 rw-s 00000000 103:02 13241523                  /tmp/hsperfdata_mjf145/10772
7fdb2183e000-7fdb2183f000 ---p 00000000 00:00 0 
7fdb2183f000-7fdb21840000 r--p 00000000 00:00 0 
7fdb21840000-7fdb21842000 rw-p 00000000 00:00 0 
7fdb21842000-7fdb21843000 r--p 00027000 103:02 1315392                   /lib/x86_64-linux-gnu/ld-2.27.so
7fdb21843000-7fdb21844000 rw-p 00028000 103:02 1315392                   /lib/x86_64-linux-gnu/ld-2.27.so
7fdb21844000-7fdb21845000 rw-p 00000000 00:00 0 
7ffdc8018000-7ffdc803a000 rw-p 00000000 00:00 0                          [stack]
7ffdc80cd000-7ffdc80d0000 r--p 00000000 00:00 0                          [vvar]
7ffdc80d0000-7ffdc80d2000 r-xp 00000000 00:00 0                          [vdso]
ffffffffff600000-ffffffffff601000 r-xp 00000000 00:00 0                  [vsyscall]


VM Arguments:
jvm_args: -javaagent:/usr/local/intellij-2018.2/lib/idea_rt.jar=44115:/usr/local/intellij-2018.2/bin -Dfile.encoding=UTF-8 --module-path=/home/cosc/student/mjf145/Desktop/SENG202/project/Project_2019_S2/target/classes:/home/cosc/student/mjf145/.m2/repository/org/openjfx/javafx-controls/11.0.2/javafx-controls-11.0.2.jar:/home/cosc/student/mjf145/.m2/repository/org/openjfx/javafx-controls/11.0.2/javafx-controls-11.0.2-linux.jar:/home/cosc/student/mjf145/.m2/repository/org/openjfx/javafx-graphics/11.0.2/javafx-graphics-11.0.2.jar:/home/cosc/student/mjf145/.m2/repository/org/openjfx/javafx-graphics/11.0.2/javafx-graphics-11.0.2-linux.jar:/home/cosc/student/mjf145/.m2/repository/org/openjfx/javafx-base/11.0.2/javafx-base-11.0.2.jar:/home/cosc/student/mjf145/.m2/repository/org/openjfx/javafx-base/11.0.2/javafx-base-11.0.2-linux.jar:/home/cosc/student/mjf145/.m2/repository/org/openjfx/javafx-fxml/11.0.2/javafx-fxml-11.0.2.jar:/home/cosc/student/mjf145/.m2/repository/org/openjfx/javafx-fxml/11.0.2/javafx-fxml-11.0.2-linux.jar:/home/cosc/student/mjf145/.m2/repository/mysql/mysql-connector-java/8.0.17/mysql-connector-java-8.0.17.jar:/home/cosc/student/mjf145/.m2/repository/com/google/protobuf/protobuf-java/3.6.1/protobuf-java-3.6.1.jar:/home/cosc/student/mjf145/.m2/repository/org/xerial/sqlite-jdbc/3.28.0/sqlite-jdbc-3.28.0.jar:/home/cosc/student/mjf145/.m2/repository/org/joda/joda-money/1.0.1/joda-money-1.0.1.jar:/home/cosc/student/mjf145/.m2/repository/commons-io/commons-io/1.4/commons-io-1.4.jar:/home/cosc/student/mjf145/.m2/repository/org/apache/commons/commons-lang3/3.9/commons-lang3-3.9.jar:/home/cosc/student/mjf145/.m2/repository/com/google/guava/guava/26.0-jre/guava-26.0-jre.jar:/home/cosc/student/mjf145/.m2/repository/com/google/code/findbugs/jsr305/3.0.2/jsr305-3.0.2.jar:/home/cosc/student/mjf145/.m2/repository/org/checkerframework/checker-qual/2.5.2/checker-qual-2.5.2.jar:/home/cosc/student/mjf145/.m2/repository/com/google/errorprone/error_prone_annotations/2.1.3/error_prone_annotations-2.1.3.jar:/home/cosc/student/mjf145/.m2/repository/com/google/j2objc/j2objc-annotations/1.1/j2objc--Djdk.module.main=kaitech 
java_command: kaitech/kaitech.controller.MainApplication
java_class_path (initial): <not set>
Launcher Type: SUN_STANDARD

[Global flags]
     intx CICompilerCount                          = 4                                         {product} {ergonomic}
     uint ConcGCThreads                            = 2                                         {product} {ergonomic}
     uint G1ConcRefinementThreads                  = 8                                         {product} {ergonomic}
   size_t G1HeapRegionSize                         = 1048576                                   {product} {ergonomic}
    uintx GCDrainStackTargetSize                   = 64                                        {product} {ergonomic}
   size_t InitialHeapSize                          = 262144000                                 {product} {ergonomic}
   size_t MarkStackSize                            = 4194304                                   {product} {ergonomic}
   size_t MaxHeapSize                              = 4173332480                                {product} {ergonomic}
   size_t MaxNewSize                               = 2503999488                                {product} {ergonomic}
   size_t MinHeapDeltaBytes                        = 1048576                                   {product} {ergonomic}
    uintx NonNMethodCodeHeapSize                   = 5835340                                {pd product} {ergonomic}
    uintx NonProfiledCodeHeapSize                  = 122911450                              {pd product} {ergonomic}
    uintx ProfiledCodeHeapSize                     = 122911450                              {pd product} {ergonomic}
    uintx ReservedCodeCacheSize                    = 251658240                              {pd product} {ergonomic}
     bool SegmentedCodeCache                       = true                                      {product} {ergonomic}
     bool UseCompressedClassPointers               = true                                 {lp64_product} {ergonomic}
     bool UseCompressedOops                        = true                                 {lp64_product} {ergonomic}
     bool UseG1GC                                  = true                                      {product} {ergonomic}

Logging:
Log output configuration:
 #0: stdout all=warning uptime,level,tags
 #1: stderr all=off uptime,level,tags

Environment Variables:
PATH=/usr/local/sbin:/usr/local/bin:/usr/sbin:/usr/bin:/sbin:/bin:/usr/games:/usr/local/games:/netfs/share/pkg/android-sdk-linux/tools:/netfs/share/pkg/android-sdk-linux/platform-tools:/usr/local/gradle-4.10.2/bin:/usr/share/java/javafx-sdk-11.0.2:/home/cosc/student/mjf145/.local/bin:/home/cosc/student/mjf145/bin:/netfs/share/bin:/netfs/cosc/bin:/netfs/tex/bin
SHELL=/bin/bash
DISPLAY=:2

Signal Handlers:
SIGSEGV: [libjvm.so+0xde5f50], sa_mask[0]=11111111011111111101111111111110, sa_flags=SA_RESTART|SA_SIGINFO
SIGBUS: [libjvm.so+0xde5f50], sa_mask[0]=11111111011111111101111111111110, sa_flags=SA_RESTART|SA_SIGINFO
SIGFPE: [libjvm.so+0xde5f50], sa_mask[0]=11111111011111111101111111111110, sa_flags=SA_RESTART|SA_SIGINFO
SIGPIPE: [libjvm.so+0xbba5b0], sa_mask[0]=11111111011111111101111111111110, sa_flags=SA_RESTART|SA_SIGINFO
SIGXFSZ: [libjvm.so+0xbba5b0], sa_mask[0]=11111111011111111101111111111110, sa_flags=SA_RESTART|SA_SIGINFO
SIGILL: [libjvm.so+0xde5f50], sa_mask[0]=11111111011111111101111111111110, sa_flags=SA_RESTART|SA_SIGINFO
SIGUSR2: [libjvm.so+0xbba450], sa_mask[0]=00100000000000000000000000000000, sa_flags=SA_RESTART|SA_SIGINFO
SIGHUP: [libjvm.so+0xbba7b0], sa_mask[0]=11111111011111111101111111111110, sa_flags=SA_RESTART|SA_SIGINFO
SIGINT: [libjvm.so+0xbba7b0], sa_mask[0]=11111111011111111101111111111110, sa_flags=SA_RESTART|SA_SIGINFO
SIGTERM: [libjvm.so+0xbba7b0], sa_mask[0]=11111111011111111101111111111110, sa_flags=SA_RESTART|SA_SIGINFO
SIGQUIT: [libjvm.so+0xbba7b0], sa_mask[0]=11111111011111111101111111111110, sa_flags=SA_RESTART|SA_SIGINFO


---------------  S Y S T E M  ---------------

OS:DISTRIB_ID=LinuxMint
DISTRIB_RELEASE=19.1
DISTRIB_CODENAME=tessa
DISTRIB_DESCRIPTION="Linux Mint 19.1 Tessa"
uname:Linux 4.15.0-20-generic #21-Ubuntu SMP Tue Apr 24 06:16:15 UTC 2018 x86_64
libc:glibc 2.27 NPTL 2.27 
rlimit: STACK 8192k, CORE 0k, NPROC 63055, NOFILE 1048576, AS infinity, DATA infinity, FSIZE infinity
load average:0.84 0.74 0.84

/proc/meminfo:
MemTotal:       16301732 kB
MemFree:          410488 kB
MemAvailable:    8003184 kB
Buffers:          251776 kB
Cached:          7711676 kB
SwapCached:            0 kB
Active:         11945824 kB
Inactive:        2772036 kB
Active(anon):    6703152 kB
Inactive(anon):   549324 kB
Active(file):    5242672 kB
Inactive(file):  2222712 kB
Unevictable:        1040 kB
Mlocked:            1040 kB
SwapTotal:      16653308 kB
SwapFree:       16653308 kB
Dirty:               400 kB
Writeback:             0 kB
AnonPages:       6755744 kB
Mapped:          1111452 kB
Shmem:            498068 kB
Slab:             601760 kB
SReclaimable:     464464 kB
SUnreclaim:       137296 kB
KernelStack:       35904 kB
PageTables:       171804 kB
NFS_Unstable:          0 kB
Bounce:                0 kB
WritebackTmp:          0 kB
CommitLimit:    24804172 kB
Committed_AS:   25010376 kB
VmallocTotal:   34359738367 kB
VmallocUsed:           0 kB
VmallocChunk:          0 kB
HardwareCorrupted:     0 kB
AnonHugePages:         0 kB
ShmemHugePages:        0 kB
ShmemPmdMapped:        0 kB
CmaTotal:              0 kB
CmaFree:               0 kB
HugePages_Total:       0
HugePages_Free:        0
HugePages_Rsvd:        0
HugePages_Surp:        0
Hugepagesize:       2048 kB
DirectMap4k:     3182184 kB
DirectMap2M:    13471744 kB
DirectMap1G:           0 kB


/proc/sys/kernel/threads-max (system-wide limit on the number of threads):
126110


/proc/sys/vm/max_map_count (maximum number of memory map areas a process may have):
65530


/proc/sys/kernel/pid_max (system-wide limit on number of process identifiers):
32768



container (cgroup) information:
container_type: cgroupv1
cpu_cpuset_cpus: 0-7
cpu_memory_nodes: 0
active_processor_count: 8
cpu_quota: -1
cpu_period: 100000
cpu_shares: -1
memory_limit_in_bytes: -1
memory_and_swap_limit_in_bytes: -2
memory_soft_limit_in_bytes: -1
memory_usage_in_bytes: 15073071104
memory_max_usage_in_bytes: 0

Steal ticks since vm start: 0
Steal ticks percentage since vm start:  0.000

CPU:total 8 (initial active 8) (4 cores per cpu, 2 threads per core) family 6 model 158 stepping 9, cmov, cx8, fxsr, mmx, sse, sse2, sse3, ssse3, sse4.1, sse4.2, popcnt, avx, avx2, aes, clmul, erms, rtm, 3dnowpref, lzcnt, ht, tsc, tscinvbit, bmi1, bmi2, adx, fma
CPU Model and flags from /proc/cpuinfo:
model name	: Intel(R) Core(TM) i7-7700 CPU @ 3.60GHz
flags		: fpu vme de pse tsc msr pae mce cx8 apic sep mtrr pge mca cmov pat pse36 clflush dts acpi mmx fxsr sse sse2 ss ht tm pbe syscall nx pdpe1gb rdtscp lm constant_tsc art arch_perfmon pebs bts rep_good nopl xtopology nonstop_tsc cpuid aperfmperf tsc_known_freq pni pclmulqdq dtes64 monitor ds_cpl vmx smx est tm2 ssse3 sdbg fma cx16 xtpr pdcm pcid sse4_1 sse4_2 x2apic movbe popcnt tsc_deadline_timer aes xsave avx f16c rdrand lahf_lm abm 3dnowprefetch cpuid_fault epb invpcid_single pti tpr_shadow vnmi flexpriority ept vpid fsgsbase tsc_adjust bmi1 hle avx2 smep bmi2 erms invpcid rtm mpx rdseed adx smap clflushopt intel_pt xsaveopt xsavec xgetbv1 xsaves ibpb ibrs stibp dtherm ida arat pln pts hwp hwp_notify hwp_act_window hwp_epp

Memory: 4k page, physical 16301732k(410488k free), swap 16653308k(16653308k free)

vm_info: OpenJDK 64-Bit Server VM (11.0.4+11-post-Ubuntu-1ubuntu218.04.3) for linux-amd64 JRE (11.0.4+11-post-Ubuntu-1ubuntu218.04.3), built on Jul 18 2019 18:21:46 by "buildd" with gcc 7.4.0

END.
